TN:
SF:src/config/index.ts
FN:92,validateConfig
FN:112,(anonymous_2)
FN:118,(anonymous_3)
FN:126,validateProductionConfig
FN:176,validateStagingConfig
FN:198,validateDevelopmentConfig
FN:215,validateBaseConfig
FNF:7
FNH:0
FNDA:0,validateConfig
FNDA:0,(anonymous_2)
FNDA:0,(anonymous_3)
FNDA:0,validateProductionConfig
FNDA:0,validateStagingConfig
FNDA:0,validateDevelopmentConfig
FNDA:0,validateBaseConfig
DA:1,0
DA:5,0
DA:7,0
DA:19,0
DA:31,0
DA:66,0
DA:77,0
DA:81,0
DA:86,0
DA:92,0
DA:93,0
DA:94,0
DA:95,0
DA:98,0
DA:99,0
DA:100,0
DA:101,0
DA:103,0
DA:107,0
DA:110,0
DA:111,0
DA:112,0
DA:116,0
DA:117,0
DA:118,0
DA:119,0
DA:122,0
DA:128,0
DA:129,0
DA:132,0
DA:133,0
DA:137,0
DA:138,0
DA:142,0
DA:143,0
DA:146,0
DA:147,0
DA:151,0
DA:152,0
DA:155,0
DA:156,0
DA:160,0
DA:161,0
DA:165,0
DA:166,0
DA:170,0
DA:171,0
DA:178,0
DA:179,0
DA:182,0
DA:183,0
DA:187,0
DA:188,0
DA:192,0
DA:193,0
DA:200,0
DA:201,0
DA:204,0
DA:205,0
DA:209,0
DA:210,0
DA:217,0
DA:218,0
DA:221,0
DA:222,0
DA:225,0
DA:226,0
DA:230,0
DA:231,0
DA:234,0
DA:235,0
DA:239,0
DA:240,0
DA:244,0
DA:245,0
DA:248,0
DA:249,0
DA:252,0
DA:253,0
DA:257,0
DA:258,0
DA:262,0
DA:263,0
DA:267,0
DA:268,0
DA:269,0
DA:273,0
DA:274,0
DA:275,0
DA:278,0
DA:279,0
DA:284,0
DA:285,0
DA:286,0
DA:289,0
DA:290,0
DA:296,0
DA:297,0
DA:298,0
DA:299,0
DA:302,0
LF:101
LH:0
BRDA:8,0,0,0
BRDA:8,0,1,0
BRDA:9,1,0,0
BRDA:9,1,1,0
BRDA:10,2,0,0
BRDA:10,2,1,0
BRDA:11,3,0,0
BRDA:11,3,1,0
BRDA:12,4,0,0
BRDA:12,4,1,0
BRDA:14,5,0,0
BRDA:14,5,1,0
BRDA:15,6,0,0
BRDA:15,6,1,0
BRDA:16,7,0,0
BRDA:16,7,1,0
BRDA:21,8,0,0
BRDA:21,8,1,0
BRDA:22,9,0,0
BRDA:22,9,1,0
BRDA:26,10,0,0
BRDA:26,10,1,0
BRDA:27,11,0,0
BRDA:27,11,1,0
BRDA:33,12,0,0
BRDA:33,12,1,0
BRDA:34,13,0,0
BRDA:34,13,1,0
BRDA:38,14,0,0
BRDA:38,14,1,0
BRDA:40,15,0,0
BRDA:40,15,1,0
BRDA:43,16,0,0
BRDA:43,16,1,0
BRDA:45,17,0,0
BRDA:45,17,1,0
BRDA:48,18,0,0
BRDA:48,18,1,0
BRDA:49,19,0,0
BRDA:49,19,1,0
BRDA:51,20,0,0
BRDA:51,20,1,0
BRDA:56,21,0,0
BRDA:56,21,1,0
BRDA:57,22,0,0
BRDA:57,22,1,0
BRDA:61,23,0,0
BRDA:61,23,1,0
BRDA:62,24,0,0
BRDA:62,24,1,0
BRDA:70,25,0,0
BRDA:70,25,1,0
BRDA:78,26,0,0
BRDA:78,26,1,0
BRDA:82,27,0,0
BRDA:82,27,1,0
BRDA:83,28,0,0
BRDA:83,28,1,0
BRDA:87,29,0,0
BRDA:87,29,1,0
BRDA:95,30,0,0
BRDA:95,30,1,0
BRDA:98,31,0,0
BRDA:98,31,1,0
BRDA:100,32,0,0
BRDA:100,32,1,0
BRDA:110,33,0,0
BRDA:116,34,0,0
BRDA:128,35,0,0
BRDA:128,36,0,0
BRDA:128,36,1,0
BRDA:128,36,2,0
BRDA:132,37,0,0
BRDA:132,38,0,0
BRDA:132,38,1,0
BRDA:132,38,2,0
BRDA:137,39,0,0
BRDA:137,40,0,0
BRDA:137,40,1,0
BRDA:142,41,0,0
BRDA:146,42,0,0
BRDA:151,43,0,0
BRDA:151,44,0,0
BRDA:151,44,1,0
BRDA:155,45,0,0
BRDA:160,46,0,0
BRDA:165,47,0,0
BRDA:170,48,0,0
BRDA:170,49,0,0
BRDA:170,49,1,0
BRDA:178,50,0,0
BRDA:182,51,0,0
BRDA:187,52,0,0
BRDA:187,53,0,0
BRDA:187,53,1,0
BRDA:192,54,0,0
BRDA:200,55,0,0
BRDA:204,56,0,0
BRDA:209,57,0,0
BRDA:209,58,0,0
BRDA:209,58,1,0
BRDA:217,59,0,0
BRDA:217,60,0,0
BRDA:217,60,1,0
BRDA:221,61,0,0
BRDA:221,62,0,0
BRDA:221,62,1,0
BRDA:225,63,0,0
BRDA:225,64,0,0
BRDA:225,64,1,0
BRDA:230,65,0,0
BRDA:230,66,0,0
BRDA:230,66,1,0
BRDA:234,67,0,0
BRDA:234,68,0,0
BRDA:234,68,1,0
BRDA:239,69,0,0
BRDA:244,70,0,0
BRDA:248,71,0,0
BRDA:248,72,0,0
BRDA:248,72,1,0
BRDA:252,73,0,0
BRDA:252,74,0,0
BRDA:252,74,1,0
BRDA:257,75,0,0
BRDA:257,76,0,0
BRDA:257,76,1,0
BRDA:262,77,0,0
BRDA:268,78,0,0
BRDA:273,79,0,0
BRDA:274,80,0,0
BRDA:274,81,0,0
BRDA:274,81,1,0
BRDA:278,82,0,0
BRDA:278,83,0,0
BRDA:278,83,1,0
BRDA:284,84,0,0
BRDA:285,85,0,0
BRDA:285,86,0,0
BRDA:285,86,1,0
BRDA:289,87,0,0
BRDA:289,88,0,0
BRDA:289,88,1,0
BRDA:307,89,0,0
BRDA:307,89,1,0
BRDA:307,89,2,0
BRDA:313,90,0,0
BRDA:313,90,1,0
BRF:148
BRH:0
end_of_record
TN:
SF:src/models/database.ts
FN:63,(anonymous_1)
FN:70,(anonymous_2)
FN:158,(anonymous_3)
FN:186,(anonymous_4)
FN:202,(anonymous_5)
FN:231,(anonymous_6)
FN:232,(anonymous_7)
FN:235,(anonymous_8)
FN:236,(anonymous_9)
FN:245,(anonymous_10)
FN:249,(anonymous_11)
FN:254,(anonymous_12)
FN:280,(anonymous_13)
FN:296,(anonymous_14)
FN:315,(anonymous_15)
FN:324,(anonymous_16)
FN:338,(anonymous_17)
FN:347,(anonymous_18)
FNF:18
FNH:0
FNDA:0,(anonymous_1)
FNDA:0,(anonymous_2)
FNDA:0,(anonymous_3)
FNDA:0,(anonymous_4)
FNDA:0,(anonymous_5)
FNDA:0,(anonymous_6)
FNDA:0,(anonymous_7)
FNDA:0,(anonymous_8)
FNDA:0,(anonymous_9)
FNDA:0,(anonymous_10)
FNDA:0,(anonymous_11)
FNDA:0,(anonymous_12)
FNDA:0,(anonymous_13)
FNDA:0,(anonymous_14)
FNDA:0,(anonymous_15)
FNDA:0,(anonymous_16)
FNDA:0,(anonymous_17)
FNDA:0,(anonymous_18)
DA:1,0
DA:2,0
DA:3,0
DA:64,0
DA:65,0
DA:66,0
DA:67,0
DA:71,0
DA:73,0
DA:91,0
DA:109,0
DA:125,0
DA:141,0
DA:150,0
DA:152,0
DA:153,0
DA:159,0
DA:161,0
DA:168,0
DA:183,0
DA:187,0
DA:188,0
DA:190,0
DA:191,0
DA:192,0
DA:195,0
DA:196,0
DA:198,0
DA:203,0
DA:205,0
DA:213,0
DA:228,0
DA:232,0
DA:233,0
DA:235,0
DA:236,0
DA:238,0
DA:242,0
DA:246,0
DA:250,0
DA:255,0
DA:257,0
DA:264,0
DA:277,0
DA:281,0
DA:282,0
DA:284,0
DA:285,0
DA:286,0
DA:289,0
DA:290,0
DA:292,0
DA:297,0
DA:303,0
DA:316,0
DA:330,0
DA:339,0
DA:341,0
DA:342,0
DA:344,0
DA:348,0
DA:353,0
DA:354,0
LF:63
LH:0
BRDA:186,0,0,0
BRDA:190,1,0,0
BRDA:232,2,0,0
BRDA:232,2,1,0
BRDA:233,3,0,0
BRDA:271,4,0,0
BRDA:271,4,1,0
BRDA:280,5,0,0
BRDA:284,6,0,0
BRDA:338,7,0,0
BRF:10
BRH:0
end_of_record
TN:
SF:src/providers/base.provider.ts
FN:17,(anonymous_1)
FN:46,(anonymous_2)
FN:62,(anonymous_3)
FN:66,(anonymous_4)
FN:76,(anonymous_5)
FN:145,(anonymous_6)
FN:169,(anonymous_7)
FN:181,(anonymous_8)
FN:187,(anonymous_9)
FN:200,(anonymous_10)
FN:204,(anonymous_11)
FN:219,(anonymous_12)
FN:234,(anonymous_13)
FN:239,(anonymous_14)
FN:247,(anonymous_15)
FN:256,(anonymous_16)
FNF:16
FNH:0
FNDA:0,(anonymous_1)
FNDA:0,(anonymous_2)
FNDA:0,(anonymous_3)
FNDA:0,(anonymous_4)
FNDA:0,(anonymous_5)
FNDA:0,(anonymous_6)
FNDA:0,(anonymous_7)
FNDA:0,(anonymous_8)
FNDA:0,(anonymous_9)
FNDA:0,(anonymous_10)
FNDA:0,(anonymous_11)
FNDA:0,(anonymous_12)
FNDA:0,(anonymous_13)
FNDA:0,(anonymous_14)
FNDA:0,(anonymous_15)
FNDA:0,(anonymous_16)
DA:1,0
DA:2,0
DA:12,0
DA:15,0
DA:18,0
DA:20,0
DA:47,0
DA:48,0
DA:54,0
DA:55,0
DA:57,0
DA:58,0
DA:63,0
DA:67,0
DA:81,0
DA:83,0
DA:85,0
DA:87,0
DA:98,0
DA:99,0
DA:107,0
DA:110,0
DA:112,0
DA:114,0
DA:115,0
DA:117,0
DA:119,0
DA:125,0
DA:127,0
DA:135,0
DA:151,0
DA:152,0
DA:154,0
DA:170,0
DA:172,0
DA:173,0
DA:175,0
DA:184,0
DA:185,0
DA:186,0
DA:187,0
DA:190,0
DA:191,0
DA:201,0
DA:205,0
DA:206,0
DA:208,0
DA:209,0
DA:212,0
DA:213,0
DA:215,0
DA:220,0
DA:226,0
DA:229,0
DA:230,0
DA:235,0
DA:236,0
DA:241,0
DA:242,0
DA:243,0
DA:247,0
DA:249,0
DA:252,0
DA:253,0
DA:257,0
LF:65
LH:0
BRDA:57,0,0,0
BRDA:57,0,1,0
BRDA:68,1,0,0
BRDA:68,1,1,0
BRDA:68,1,2,0
BRDA:68,1,3,0
BRDA:68,1,4,0
BRDA:98,2,0,0
BRDA:117,3,0,0
BRDA:117,3,1,0
BRDA:120,4,0,0
BRDA:120,4,1,0
BRDA:122,5,0,0
BRDA:122,5,1,0
BRDA:125,6,0,0
BRDA:125,6,1,0
BRDA:136,7,0,0
BRDA:136,7,1,0
BRDA:151,8,0,0
BRDA:151,8,1,0
BRDA:158,9,0,0
BRDA:158,9,1,0
BRDA:159,10,0,0
BRDA:159,10,1,0
BRDA:160,11,0,0
BRDA:160,11,1,0
BRDA:161,12,0,0
BRDA:161,12,1,0
BRDA:170,13,0,0
BRDA:172,14,0,0
BRDA:172,14,1,0
BRDA:173,15,0,0
BRDA:173,15,1,0
BRDA:190,16,0,0
BRDA:208,17,0,0
BRDA:208,17,1,0
BRDA:222,18,0,0
BRDA:222,18,1,0
BRDA:229,19,0,0
BRDA:242,20,0,0
BRDA:257,21,0,0
BRDA:257,21,1,0
BRDA:257,22,0,0
BRDA:257,22,1,0
BRF:44
BRH:0
end_of_record
TN:
SF:src/providers/claude.provider.ts
FN:13,(anonymous_0)
FN:17,(anonymous_1)
FN:21,(anonymous_2)
FN:24,(anonymous_3)
FN:50,(anonymous_4)
FN:61,(anonymous_5)
FN:71,(anonymous_6)
FN:114,(anonymous_7)
FN:144,(anonymous_8)
FN:178,(anonymous_9)
FN:199,(anonymous_10)
FN:234,(anonymous_11)
FN:269,(anonymous_12)
FN:300,(anonymous_13)
FNF:14
FNH:0
FNDA:0,(anonymous_0)
FNDA:0,(anonymous_1)
FNDA:0,(anonymous_2)
FNDA:0,(anonymous_3)
FNDA:0,(anonymous_4)
FNDA:0,(anonymous_5)
FNDA:0,(anonymous_6)
FNDA:0,(anonymous_7)
FNDA:0,(anonymous_8)
FNDA:0,(anonymous_9)
FNDA:0,(anonymous_10)
FNDA:0,(anonymous_11)
FNDA:0,(anonymous_12)
FNDA:0,(anonymous_13)
DA:1,0
DA:2,0
DA:8,0
DA:10,0
DA:11,0
DA:14,0
DA:18,0
DA:22,0
DA:24,0
DA:25,0
DA:27,0
DA:29,0
DA:30,0
DA:31,0
DA:42,0
DA:44,0
DA:45,0
DA:51,0
DA:62,0
DA:72,0
DA:73,0
DA:74,0
DA:82,0
DA:83,0
DA:84,0
DA:92,0
DA:102,0
DA:103,0
DA:105,0
DA:115,0
DA:118,0
DA:119,0
DA:120,0
DA:124,0
DA:129,0
DA:137,0
DA:138,0
DA:141,0
DA:145,0
DA:184,0
DA:191,0
DA:204,0
DA:226,0
DA:239,0
DA:261,0
DA:273,0
DA:292,0
DA:306,0
LF:48
LH:0
BRDA:63,0,0,0
BRDA:63,0,1,0
BRDA:63,0,2,0
BRDA:63,0,3,0
BRDA:63,0,4,0
BRDA:73,1,0,0
BRDA:73,2,0,0
BRDA:73,2,1,0
BRDA:83,3,0,0
BRDA:96,4,0,0
BRDA:96,4,1,0
BRDA:97,5,0,0
BRDA:97,5,1,0
BRDA:98,6,0,0
BRDA:98,6,1,0
BRDA:98,7,0,0
BRDA:98,7,1,0
BRDA:102,8,0,0
BRDA:106,9,0,0
BRDA:106,9,1,0
BRDA:119,10,0,0
BRDA:130,11,0,0
BRDA:130,11,1,0
BRDA:131,12,0,0
BRDA:131,12,1,0
BRDA:132,13,0,0
BRDA:132,13,1,0
BRDA:137,14,0,0
BRDA:312,15,0,0
BRDA:312,15,1,0
BRDA:315,16,0,0
BRDA:315,16,1,0
BRF:32
BRH:0
end_of_record
TN:
SF:src/providers/custom.provider.ts
FN:13,(anonymous_0)
FN:18,(anonymous_1)
FN:22,(anonymous_2)
FN:25,(anonymous_3)
FN:52,(anonymous_4)
FN:64,(anonymous_5)
FN:73,(anonymous_6)
FN:131,(anonymous_7)
FN:147,(anonymous_8)
FN:164,(anonymous_9)
FN:197,(anonymous_10)
FN:229,(anonymous_11)
FN:258,(anonymous_12)
FN:263,(anonymous_13)
FN:268,(anonymous_14)
FN:276,(anonymous_15)
FN:286,(anonymous_16)
FN:318,(anonymous_17)
FN:329,(anonymous_18)
FN:349,(anonymous_19)
FN:353,(anonymous_20)
FNF:21
FNH:0
FNDA:0,(anonymous_0)
FNDA:0,(anonymous_1)
FNDA:0,(anonymous_2)
FNDA:0,(anonymous_3)
FNDA:0,(anonymous_4)
FNDA:0,(anonymous_5)
FNDA:0,(anonymous_6)
FNDA:0,(anonymous_7)
FNDA:0,(anonymous_8)
FNDA:0,(anonymous_9)
FNDA:0,(anonymous_10)
FNDA:0,(anonymous_11)
FNDA:0,(anonymous_12)
FNDA:0,(anonymous_13)
FNDA:0,(anonymous_14)
FNDA:0,(anonymous_15)
FNDA:0,(anonymous_16)
FNDA:0,(anonymous_17)
FNDA:0,(anonymous_18)
FNDA:0,(anonymous_19)
FNDA:0,(anonymous_20)
DA:1,0
DA:2,0
DA:8,0
DA:10,0
DA:11,0
DA:14,0
DA:15,0
DA:19,0
DA:23,0
DA:25,0
DA:26,0
DA:28,0
DA:30,0
DA:31,0
DA:32,0
DA:34,0
DA:35,0
DA:43,0
DA:44,0
DA:46,0
DA:47,0
DA:53,0
DA:67,0
DA:74,0
DA:75,0
DA:76,0
DA:80,0
DA:82,0
DA:83,0
DA:84,0
DA:85,0
DA:87,0
DA:88,0
DA:89,0
DA:90,0
DA:92,0
DA:93,0
DA:94,0
DA:95,0
DA:97,0
DA:98,0
DA:99,0
DA:102,0
DA:103,0
DA:104,0
DA:107,0
DA:108,0
DA:116,0
DA:118,0
DA:119,0
DA:121,0
DA:135,0
DA:144,0
DA:151,0
DA:161,0
DA:168,0
DA:185,0
DA:201,0
DA:217,0
DA:233,0
DA:235,0
DA:236,0
DA:244,0
DA:254,0
DA:259,0
DA:260,0
DA:264,0
DA:265,0
DA:270,0
DA:271,0
DA:272,0
DA:273,0
DA:278,0
DA:279,0
DA:283,0
DA:287,0
DA:290,0
DA:296,0
DA:297,0
DA:304,0
DA:309,0
DA:319,0
DA:330,0
DA:350,0
DA:356,0
DA:357,0
LF:86
LH:0
BRDA:32,0,0,0
BRDA:32,0,1,0
BRDA:34,1,0,0
BRDA:36,2,0,0
BRDA:36,2,1,0
BRDA:68,3,0,0
BRDA:68,3,1,0
BRDA:68,3,2,0
BRDA:68,3,3,0
BRDA:80,4,0,0
BRDA:80,4,1,0
BRDA:80,5,0,0
BRDA:80,5,1,0
BRDA:82,6,0,0
BRDA:82,6,1,0
BRDA:82,6,2,0
BRDA:83,7,0,0
BRDA:83,7,1,0
BRDA:85,8,0,0
BRDA:85,8,1,0
BRDA:88,9,0,0
BRDA:88,9,1,0
BRDA:90,10,0,0
BRDA:90,10,1,0
BRDA:93,11,0,0
BRDA:93,11,1,0
BRDA:95,12,0,0
BRDA:95,12,1,0
BRDA:98,13,0,0
BRDA:98,13,1,0
BRDA:107,14,0,0
BRDA:118,15,0,0
BRDA:122,16,0,0
BRDA:122,16,1,0
BRDA:149,17,0,0
BRDA:153,18,0,0
BRDA:153,18,1,0
BRDA:153,19,0,0
BRDA:153,19,1,0
BRDA:205,20,0,0
BRDA:205,20,1,0
BRDA:235,21,0,0
BRDA:278,22,0,0
BRDA:296,23,0,0
BRDA:310,24,0,0
BRDA:310,24,1,0
BRDA:312,25,0,0
BRDA:312,25,1,0
BRDA:313,26,0,0
BRDA:313,26,1,0
BRDA:320,27,0,0
BRDA:320,27,1,0
BRDA:323,28,0,0
BRDA:323,28,1,0
BRDA:324,29,0,0
BRDA:324,29,1,0
BRDA:356,30,0,0
BRDA:356,30,1,0
BRDA:357,31,0,0
BRDA:357,31,1,0
BRF:60
BRH:0
end_of_record
TN:
SF:src/providers/openai.provider.ts
FN:13,(anonymous_0)
FN:18,(anonymous_1)
FN:22,(anonymous_2)
FN:25,(anonymous_3)
FN:45,(anonymous_4)
FN:57,(anonymous_5)
FN:68,(anonymous_6)
FN:110,(anonymous_7)
FN:145,(anonymous_8)
FN:171,(anonymous_9)
FN:186,(anonymous_10)
FN:212,(anonymous_11)
FN:239,(anonymous_12)
FNF:13
FNH:0
FNDA:0,(anonymous_0)
FNDA:0,(anonymous_1)
FNDA:0,(anonymous_2)
FNDA:0,(anonymous_3)
FNDA:0,(anonymous_4)
FNDA:0,(anonymous_5)
FNDA:0,(anonymous_6)
FNDA:0,(anonymous_7)
FNDA:0,(anonymous_8)
FNDA:0,(anonymous_9)
FNDA:0,(anonymous_10)
FNDA:0,(anonymous_11)
FNDA:0,(anonymous_12)
DA:1,0
DA:2,0
DA:8,0
DA:10,0
DA:11,0
DA:14,0
DA:15,0
DA:19,0
DA:23,0
DA:25,0
DA:26,0
DA:28,0
DA:30,0
DA:31,0
DA:32,0
DA:37,0
DA:39,0
DA:40,0
DA:46,0
DA:58,0
DA:69,0
DA:70,0
DA:71,0
DA:79,0
DA:80,0
DA:82,0
DA:83,0
DA:91,0
DA:98,0
DA:99,0
DA:101,0
DA:111,0
DA:114,0
DA:120,0
DA:121,0
DA:128,0
DA:133,0
DA:146,0
DA:176,0
DA:178,0
DA:190,0
DA:204,0
DA:216,0
DA:231,0
DA:244,0
LF:45
LH:0
BRDA:28,0,0,0
BRDA:28,0,1,0
BRDA:39,1,0,0
BRDA:39,1,1,0
BRDA:59,2,0,0
BRDA:59,2,1,0
BRDA:59,2,2,0
BRDA:59,2,3,0
BRDA:59,2,4,0
BRDA:59,2,5,0
BRDA:70,3,0,0
BRDA:70,4,0,0
BRDA:70,4,1,0
BRDA:82,5,0,0
BRDA:95,6,0,0
BRDA:95,6,1,0
BRDA:98,7,0,0
BRDA:102,8,0,0
BRDA:102,8,1,0
BRDA:120,9,0,0
BRDA:134,10,0,0
BRDA:134,10,1,0
BRDA:136,11,0,0
BRDA:136,11,1,0
BRDA:137,12,0,0
BRDA:137,12,1,0
BRDA:188,13,0,0
BRDA:250,14,0,0
BRDA:250,14,1,0
BRF:29
BRH:0
end_of_record
TN:
SF:src/scripts/simple-test.ts
FN:7,runSimpleTest
FNF:1
FNH:0
FNDA:0,runSimpleTest
DA:1,0
DA:2,0
DA:3,0
DA:5,0
DA:8,0
DA:9,0
DA:10,0
DA:12,0
DA:13,0
DA:14,0
DA:16,0
DA:17,0
DA:18,0
DA:20,0
DA:23,0
DA:34,0
DA:37,0
DA:38,0
DA:41,0
DA:51,0
DA:53,0
DA:54,0
DA:55,0
DA:56,0
DA:57,0
DA:58,0
DA:59,0
DA:60,0
DA:63,0
DA:64,0
DA:68,0
LF:31
LH:0
BRF:0
BRH:0
end_of_record
TN:
SF:src/scripts/test-mvp.ts
FN:11,(anonymous_1)
FN:16,(anonymous_2)
FN:69,(anonymous_3)
FN:84,(anonymous_4)
FN:103,(anonymous_5)
FN:122,(anonymous_6)
FN:159,(anonymous_7)
FN:183,(anonymous_8)
FN:220,(anonymous_9)
FN:247,(anonymous_10)
FN:286,(anonymous_11)
FNF:11
FNH:0
FNDA:0,(anonymous_1)
FNDA:0,(anonymous_2)
FNDA:0,(anonymous_3)
FNDA:0,(anonymous_4)
FNDA:0,(anonymous_5)
FNDA:0,(anonymous_6)
FNDA:0,(anonymous_7)
FNDA:0,(anonymous_8)
FNDA:0,(anonymous_9)
FNDA:0,(anonymous_10)
FNDA:0,(anonymous_11)
DA:1,0
DA:2,0
DA:3,0
DA:4,0
DA:5,0
DA:12,0
DA:13,0
DA:17,0
DA:19,0
DA:21,0
DA:23,0
DA:26,0
DA:29,0
DA:32,0
DA:35,0
DA:38,0
DA:41,0
DA:44,0
DA:47,0
DA:48,0
DA:49,0
DA:51,0
DA:58,0
DA:59,0
DA:61,0
DA:65,0
DA:70,0
DA:71,0
DA:74,0
DA:76,0
DA:77,0
DA:79,0
DA:80,0
DA:85,0
DA:86,0
DA:89,0
DA:90,0
DA:92,0
DA:96,0
DA:98,0
DA:99,0
DA:104,0
DA:105,0
DA:107,0
DA:109,0
DA:110,0
DA:111,0
DA:113,0
DA:114,0
DA:117,0
DA:118,0
DA:123,0
DA:124,0
DA:127,0
DA:129,0
DA:130,0
DA:137,0
DA:148,0
DA:150,0
DA:151,0
DA:154,0
DA:155,0
DA:160,0
DA:161,0
DA:164,0
DA:166,0
DA:167,0
DA:172,0
DA:174,0
DA:175,0
DA:178,0
DA:179,0
DA:184,0
DA:185,0
DA:188,0
DA:189,0
DA:190,0
DA:192,0
DA:200,0
DA:201,0
DA:209,0
DA:211,0
DA:212,0
DA:215,0
DA:216,0
DA:221,0
DA:222,0
DA:225,0
DA:235,0
DA:240,0
DA:242,0
DA:243,0
DA:248,0
DA:249,0
DA:252,0
DA:264,0
DA:267,0
DA:269,0
DA:275,0
DA:277,0
DA:278,0
DA:284,0
DA:285,0
DA:286,0
DA:287,0
DA:288,0
DA:292,0
LF:107
LH:0
BRDA:58,0,0,0
BRDA:58,0,1,0
BRDA:109,1,0,0
BRDA:109,1,1,0
BRDA:129,2,0,0
BRDA:129,2,1,0
BRDA:129,3,0,0
BRDA:129,3,1,0
BRDA:129,3,2,0
BRDA:166,4,0,0
BRDA:166,4,1,0
BRDA:166,5,0,0
BRDA:166,5,1,0
BRDA:200,6,0,0
BRDA:200,6,1,0
BRDA:200,7,0,0
BRDA:200,7,1,0
BRDA:200,7,2,0
BRDA:237,8,0,0
BRDA:237,8,1,0
BRDA:284,9,0,0
BRF:21
BRH:0
end_of_record
TN:
SF:src/server/health-server.ts
FN:23,(anonymous_1)
FN:35,(anonymous_2)
FN:36,(anonymous_3)
FN:37,(anonymous_4)
FN:49,(anonymous_5)
FN:63,(anonymous_6)
FN:64,(anonymous_7)
FN:66,(anonymous_8)
FN:79,(anonymous_9)
FN:123,(anonymous_10)
FN:126,(anonymous_11)
FN:144,(anonymous_12)
FN:146,(anonymous_13)
FN:160,(anonymous_14)
FN:180,(anonymous_15)
FN:198,(anonymous_16)
FN:216,(anonymous_17)
FN:234,(anonymous_18)
FN:252,(anonymous_19)
FN:267,(anonymous_20)
FN:287,(anonymous_21)
FN:307,(anonymous_22)
FN:326,(anonymous_23)
FN:345,(anonymous_24)
FN:375,(anonymous_25)
FN:398,(anonymous_26)
FN:400,(anonymous_27)
FN:410,(anonymous_28)
FN:427,(anonymous_29)
FNF:29
FNH:0
FNDA:0,(anonymous_1)
FNDA:0,(anonymous_2)
FNDA:0,(anonymous_3)
FNDA:0,(anonymous_4)
FNDA:0,(anonymous_5)
FNDA:0,(anonymous_6)
FNDA:0,(anonymous_7)
FNDA:0,(anonymous_8)
FNDA:0,(anonymous_9)
FNDA:0,(anonymous_10)
FNDA:0,(anonymous_11)
FNDA:0,(anonymous_12)
FNDA:0,(anonymous_13)
FNDA:0,(anonymous_14)
FNDA:0,(anonymous_15)
FNDA:0,(anonymous_16)
FNDA:0,(anonymous_17)
FNDA:0,(anonymous_18)
FNDA:0,(anonymous_19)
FNDA:0,(anonymous_20)
FNDA:0,(anonymous_21)
FNDA:0,(anonymous_22)
FNDA:0,(anonymous_23)
FNDA:0,(anonymous_24)
FNDA:0,(anonymous_25)
FNDA:0,(anonymous_26)
FNDA:0,(anonymous_27)
FNDA:0,(anonymous_28)
FNDA:0,(anonymous_29)
DA:8,0
DA:9,0
DA:10,0
DA:11,0
DA:12,0
DA:13,0
DA:14,0
DA:15,0
DA:17,0
DA:24,0
DA:25,0
DA:26,0
DA:27,0
DA:28,0
DA:29,0
DA:36,0
DA:37,0
DA:38,0
DA:45,0
DA:46,0
DA:49,0
DA:50,0
DA:55,0
DA:64,0
DA:65,0
DA:66,0
DA:67,0
DA:71,0
DA:74,0
DA:81,0
DA:93,0
DA:94,0
DA:95,0
DA:102,0
DA:103,0
DA:114,0
DA:115,0
DA:119,0
DA:120,0
DA:123,0
DA:124,0
DA:126,0
DA:127,0
DA:129,0
DA:140,0
DA:146,0
DA:147,0
DA:148,0
DA:149,0
DA:151,0
DA:160,0
DA:161,0
DA:162,0
DA:164,0
DA:165,0
DA:167,0
DA:170,0
DA:180,0
DA:181,0
DA:182,0
DA:184,0
DA:187,0
DA:189,0
DA:198,0
DA:199,0
DA:200,0
DA:201,0
DA:207,0
DA:216,0
DA:217,0
DA:218,0
DA:219,0
DA:225,0
DA:234,0
DA:235,0
DA:236,0
DA:237,0
DA:243,0
DA:252,0
DA:253,0
DA:254,0
DA:256,0
DA:257,0
DA:259,0
DA:267,0
DA:268,0
DA:269,0
DA:270,0
DA:272,0
DA:278,0
DA:287,0
DA:288,0
DA:289,0
DA:290,0
DA:292,0
DA:298,0
DA:307,0
DA:308,0
DA:309,0
DA:311,0
DA:317,0
DA:326,0
DA:327,0
DA:328,0
DA:330,0
DA:336,0
DA:345,0
DA:346,0
DA:348,0
DA:349,0
DA:352,0
DA:354,0
DA:360,0
DA:366,0
DA:375,0
DA:376,0
DA:400,0
DA:401,0
DA:410,0
DA:411,0
DA:419,0
DA:428,0
DA:443,0
DA:452,0
LF:124
LH:0
BRDA:23,0,0,0
BRDA:23,1,0,0
BRDA:23,1,1,0
BRDA:65,2,0,0
BRDA:65,2,1,0
BRDA:93,3,0,0
BRDA:94,4,0,0
BRDA:94,4,1,0
BRDA:102,5,0,0
BRDA:105,6,0,0
BRDA:105,6,1,0
BRDA:154,7,0,0
BRDA:154,7,1,0
BRDA:164,8,0,0
BRDA:164,8,1,0
BRDA:173,9,0,0
BRDA:173,9,1,0
BRDA:184,10,0,0
BRDA:184,10,1,0
BRDA:185,11,0,0
BRDA:185,11,1,0
BRDA:192,12,0,0
BRDA:192,12,1,0
BRDA:210,13,0,0
BRDA:210,13,1,0
BRDA:228,14,0,0
BRDA:228,14,1,0
BRDA:246,15,0,0
BRDA:246,15,1,0
BRDA:261,16,0,0
BRDA:261,16,1,0
BRDA:281,17,0,0
BRDA:281,17,1,0
BRDA:301,18,0,0
BRDA:301,18,1,0
BRDA:320,19,0,0
BRDA:320,19,1,0
BRDA:339,20,0,0
BRDA:339,20,1,0
BRDA:369,21,0,0
BRDA:369,21,1,0
BRDA:419,22,0,0
BRDA:419,22,1,0
BRDA:421,23,0,0
BRDA:421,23,1,0
BRF:45
BRH:0
end_of_record
TN:
SF:src/services/ai.service.ts
FN:28,(anonymous_1)
FN:43,(anonymous_2)
FN:70,(anonymous_3)
FN:147,(anonymous_4)
FN:175,(anonymous_5)
FN:215,(anonymous_6)
FN:245,(anonymous_7)
FN:303,(anonymous_8)
FN:311,(anonymous_9)
FN:324,(anonymous_10)
FN:329,(anonymous_11)
FN:330,(anonymous_12)
FN:340,(anonymous_13)
FN:341,(anonymous_14)
FN:358,(anonymous_15)
FN:384,(anonymous_16)
FN:402,(anonymous_17)
FN:407,(anonymous_18)
FN:417,(anonymous_19)
FN:458,(anonymous_20)
FN:499,(anonymous_21)
FN:504,(anonymous_22)
FN:636,(anonymous_23)
FN:639,(anonymous_24)
FN:643,(anonymous_25)
FN:648,(anonymous_26)
FN:670,(anonymous_27)
FN:672,(anonymous_28)
FN:688,(anonymous_29)
FNF:29
FNH:0
FNDA:0,(anonymous_1)
FNDA:0,(anonymous_2)
FNDA:0,(anonymous_3)
FNDA:0,(anonymous_4)
FNDA:0,(anonymous_5)
FNDA:0,(anonymous_6)
FNDA:0,(anonymous_7)
FNDA:0,(anonymous_8)
FNDA:0,(anonymous_9)
FNDA:0,(anonymous_10)
FNDA:0,(anonymous_11)
FNDA:0,(anonymous_12)
FNDA:0,(anonymous_13)
FNDA:0,(anonymous_14)
FNDA:0,(anonymous_15)
FNDA:0,(anonymous_16)
FNDA:0,(anonymous_17)
FNDA:0,(anonymous_18)
FNDA:0,(anonymous_19)
FNDA:0,(anonymous_20)
FNDA:0,(anonymous_21)
FNDA:0,(anonymous_22)
FNDA:0,(anonymous_23)
FNDA:0,(anonymous_24)
FNDA:0,(anonymous_25)
FNDA:0,(anonymous_26)
FNDA:0,(anonymous_27)
FNDA:0,(anonymous_28)
FNDA:0,(anonymous_29)
DA:1,0
DA:2,0
DA:3,0
DA:4,0
DA:5,0
DA:6,0
DA:7,0
DA:20,0
DA:29,0
DA:30,0
DA:31,0
DA:33,0
DA:34,0
DA:37,0
DA:38,0
DA:44,0
DA:45,0
DA:46,0
DA:48,0
DA:51,0
DA:52,0
DA:55,0
DA:71,0
DA:72,0
DA:75,0
DA:77,0
DA:79,0
DA:82,0
DA:92,0
DA:105,0
DA:113,0
DA:115,0
DA:118,0
DA:122,0
DA:133,0
DA:134,0
DA:135,0
DA:137,0
DA:141,0
DA:143,0
DA:148,0
DA:149,0
DA:151,0
DA:152,0
DA:154,0
DA:156,0
DA:159,0
DA:170,0
DA:172,0
DA:176,0
DA:216,0
DA:218,0
DA:231,0
DA:238,0
DA:239,0
DA:241,0
DA:246,0
DA:247,0
DA:250,0
DA:251,0
DA:252,0
DA:255,0
DA:258,0
DA:259,0
DA:262,0
DA:266,0
DA:267,0
DA:269,0
DA:272,0
DA:285,0
DA:288,0
DA:304,0
DA:305,0
DA:306,0
DA:307,0
DA:312,0
DA:314,0
DA:315,0
DA:317,0
DA:319,0
DA:320,0
DA:324,0
DA:325,0
DA:326,0
DA:327,0
DA:329,0
DA:330,0
DA:332,0
DA:333,0
DA:336,0
DA:337,0
DA:338,0
DA:340,0
DA:341,0
DA:342,0
DA:346,0
DA:347,0
DA:348,0
DA:349,0
DA:351,0
DA:355,0
DA:358,0
DA:359,0
DA:360,0
DA:361,0
DA:362,0
DA:364,0
DA:378,0
DA:379,0
DA:385,0
DA:387,0
DA:388,0
DA:389,0
DA:390,0
DA:391,0
DA:393,0
DA:398,0
DA:403,0
DA:408,0
DA:410,0
DA:412,0
DA:427,0
DA:428,0
DA:429,0
DA:431,0
DA:432,0
DA:433,0
DA:435,0
DA:442,0
DA:449,0
DA:472,0
DA:485,0
DA:486,0
DA:487,0
DA:489,0
DA:496,0
DA:500,0
DA:501,0
DA:505,0
DA:507,0
DA:509,0
DA:510,0
DA:535,0
DA:536,0
DA:561,0
DA:562,0
DA:589,0
DA:610,0
DA:611,0
DA:614,0
DA:623,0
DA:626,0
DA:628,0
DA:631,0
DA:632,0
DA:637,0
DA:639,0
DA:640,0
DA:643,0
DA:644,0
DA:649,0
DA:650,0
DA:653,0
DA:657,0
DA:671,0
DA:672,0
DA:674,0
DA:689,0
DA:690,0
DA:691,0
DA:692,0
DA:694,0
DA:699,0
LF:173
LH:0
BRDA:31,0,0,0
BRDA:31,0,1,0
BRDA:33,1,0,0
BRDA:37,2,0,0
BRDA:45,3,0,0
BRDA:45,3,1,0
BRDA:45,4,0,0
BRDA:45,4,1,0
BRDA:51,5,0,0
BRDA:51,5,1,0
BRDA:52,6,0,0
BRDA:52,6,1,0
BRDA:58,7,0,0
BRDA:58,7,1,0
BRDA:71,8,0,0
BRDA:71,9,0,0
BRDA:71,9,1,0
BRDA:113,10,0,0
BRDA:113,10,1,0
BRDA:129,11,0,0
BRDA:129,11,1,0
BRDA:141,12,0,0
BRDA:141,12,1,0
BRDA:238,13,0,0
BRDA:238,13,1,0
BRDA:238,14,0,0
BRDA:238,14,1,0
BRDA:247,15,0,0
BRDA:247,15,1,0
BRDA:251,16,0,0
BRDA:259,17,0,0
BRDA:259,17,1,0
BRDA:262,18,0,0
BRDA:262,18,1,0
BRDA:269,19,0,0
BRDA:269,19,1,0
BRDA:275,20,0,0
BRDA:275,20,1,0
BRDA:285,21,0,0
BRDA:285,21,1,0
BRDA:311,22,0,0
BRDA:319,23,0,0
BRDA:346,24,0,0
BRDA:346,24,1,0
BRDA:348,25,0,0
BRDA:348,25,1,0
BRDA:378,26,0,0
BRDA:378,26,1,0
BRDA:393,27,0,0
BRDA:393,27,1,0
BRDA:402,28,0,0
BRDA:410,29,0,0
BRDA:410,29,1,0
BRDA:412,30,0,0
BRDA:412,30,1,0
BRDA:431,31,0,0
BRDA:431,32,0,0
BRDA:431,32,1,0
BRDA:443,33,0,0
BRDA:443,33,1,0
BRDA:485,34,0,0
BRDA:485,35,0,0
BRDA:485,35,1,0
BRDA:492,36,0,0
BRDA:492,36,1,0
BRDA:501,37,0,0
BRDA:501,37,1,0
BRDA:501,37,2,0
BRDA:509,38,0,0
BRDA:535,39,0,0
BRDA:561,40,0,0
BRDA:565,41,0,0
BRDA:565,41,1,0
BRDA:631,42,0,0
BRDA:631,42,1,0
BRDA:637,43,0,0
BRDA:650,44,0,0
BRDA:650,44,1,0
BRDA:651,45,0,0
BRDA:651,45,1,0
BRDA:653,46,0,0
BRDA:653,46,1,0
BRDA:654,47,0,0
BRDA:654,47,1,0
BRDA:655,48,0,0
BRDA:655,48,1,0
BRDA:663,49,0,0
BRDA:663,49,1,0
BRDA:666,50,0,0
BRDA:666,50,1,0
BRDA:692,51,0,0
BRDA:692,51,1,0
BRF:92
BRH:0
end_of_record
TN:
SF:src/services/alert.service.ts
FN:40,(anonymous_1)
FN:45,(anonymous_2)
FN:80,(anonymous_3)
FN:94,(anonymous_4)
FN:108,(anonymous_5)
FN:122,(anonymous_6)
FN:136,(anonymous_7)
FN:174,(anonymous_8)
FN:188,(anonymous_9)
FN:217,(anonymous_10)
FN:242,(anonymous_11)
FN:256,(anonymous_12)
FN:278,(anonymous_13)
FN:290,(anonymous_14)
FN:295,(anonymous_15)
FN:307,(anonymous_16)
FN:320,(anonymous_17)
FN:337,(anonymous_18)
FN:354,(anonymous_19)
FN:358,(anonymous_20)
FN:378,(anonymous_21)
FN:398,(anonymous_22)
FN:409,(anonymous_23)
FN:415,(anonymous_24)
FNF:24
FNH:0
FNDA:0,(anonymous_1)
FNDA:0,(anonymous_2)
FNDA:0,(anonymous_3)
FNDA:0,(anonymous_4)
FNDA:0,(anonymous_5)
FNDA:0,(anonymous_6)
FNDA:0,(anonymous_7)
FNDA:0,(anonymous_8)
FNDA:0,(anonymous_9)
FNDA:0,(anonymous_10)
FNDA:0,(anonymous_11)
FNDA:0,(anonymous_12)
FNDA:0,(anonymous_13)
FNDA:0,(anonymous_14)
FNDA:0,(anonymous_15)
FNDA:0,(anonymous_16)
FNDA:0,(anonymous_17)
FNDA:0,(anonymous_18)
FNDA:0,(anonymous_19)
FNDA:0,(anonymous_20)
FNDA:0,(anonymous_21)
FNDA:0,(anonymous_22)
FNDA:0,(anonymous_23)
FNDA:0,(anonymous_24)
DA:1,0
DA:2,0
DA:3,0
DA:34,0
DA:36,0
DA:37,0
DA:38,0
DA:41,0
DA:46,0
DA:47,0
DA:48,0
DA:49,0
DA:52,0
DA:55,0
DA:56,0
DA:57,0
DA:61,0
DA:62,0
DA:63,0
DA:66,0
DA:68,0
DA:69,0
DA:72,0
DA:74,0
DA:75,0
DA:81,0
DA:90,0
DA:95,0
DA:104,0
DA:109,0
DA:118,0
DA:123,0
DA:132,0
DA:137,0
DA:138,0
DA:140,0
DA:141,0
DA:142,0
DA:145,0
DA:158,0
DA:160,0
DA:161,0
DA:162,0
DA:163,0
DA:166,0
DA:168,0
DA:169,0
DA:175,0
DA:184,0
DA:189,0
DA:190,0
DA:192,0
DA:202,0
DA:209,0
DA:211,0
DA:212,0
DA:218,0
DA:219,0
DA:221,0
DA:229,0
DA:234,0
DA:236,0
DA:237,0
DA:243,0
DA:245,0
DA:246,0
DA:249,0
DA:250,0
DA:253,0
DA:257,0
DA:258,0
DA:259,0
DA:260,0
DA:261,0
DA:263,0
DA:264,0
DA:267,0
DA:268,0
DA:271,0
DA:272,0
DA:275,0
DA:279,0
DA:280,0
DA:281,0
DA:282,0
DA:283,0
DA:284,0
DA:285,0
DA:287,0
DA:291,0
DA:292,0
DA:294,0
DA:295,0
DA:296,0
DA:299,0
DA:302,0
DA:304,0
DA:308,0
DA:309,0
DA:310,0
DA:311,0
DA:312,0
DA:314,0
DA:315,0
DA:317,0
DA:321,0
DA:322,0
DA:323,0
DA:324,0
DA:326,0
DA:327,0
DA:328,0
DA:329,0
DA:331,0
DA:334,0
DA:338,0
DA:339,0
DA:341,0
DA:342,0
DA:345,0
DA:346,0
DA:349,0
DA:351,0
DA:355,0
DA:357,0
DA:358,0
DA:359,0
DA:360,0
DA:366,0
DA:375,0
DA:379,0
DA:381,0
DA:399,0
DA:400,0
DA:401,0
DA:402,0
DA:403,0
DA:404,0
DA:410,0
DA:411,0
DA:422,0
DA:432,0
LF:142
LH:0
BRDA:41,0,0,0
BRDA:41,0,1,0
BRDA:47,1,0,0
BRDA:56,2,0,0
BRDA:62,3,0,0
BRDA:62,4,0,0
BRDA:62,4,1,0
BRDA:66,5,0,0
BRDA:66,5,1,0
BRDA:68,6,0,0
BRDA:74,7,0,0
BRDA:74,7,1,0
BRDA:100,8,0,0
BRDA:100,8,1,0
BRDA:128,9,0,0
BRDA:128,9,1,0
BRDA:128,10,0,0
BRDA:128,10,1,0
BRDA:140,11,0,0
BRDA:160,12,0,0
BRDA:168,13,0,0
BRDA:168,13,1,0
BRDA:190,14,0,0
BRDA:209,15,0,0
BRDA:209,15,1,0
BRDA:211,16,0,0
BRDA:211,16,1,0
BRDA:219,17,0,0
BRDA:219,18,0,0
BRDA:219,18,1,0
BRDA:236,19,0,0
BRDA:236,19,1,0
BRDA:245,20,0,0
BRDA:249,21,0,0
BRDA:263,22,0,0
BRDA:267,23,0,0
BRDA:271,24,0,0
BRDA:284,25,0,0
BRDA:284,25,1,0
BRDA:294,26,0,0
BRDA:294,26,1,0
BRDA:314,27,0,0
BRDA:314,27,1,0
BRDA:314,28,0,0
BRDA:314,28,1,0
BRDA:323,29,0,0
BRDA:323,29,1,0
BRDA:326,30,0,0
BRDA:326,30,1,0
BRDA:328,31,0,0
BRDA:328,31,1,0
BRDA:341,32,0,0
BRDA:345,33,0,0
BRDA:357,34,0,0
BRDA:359,35,0,0
BRDA:359,35,1,0
BRDA:399,36,0,0
BRDA:399,36,1,0
BRDA:399,36,2,0
BRDA:399,36,3,0
BRDA:399,36,4,0
BRDA:423,37,0,0
BRDA:423,37,1,0
BRDA:426,38,0,0
BRDA:426,38,1,0
BRF:65
BRH:0
end_of_record
TN:
SF:src/services/binance.service.ts
FN:19,(anonymous_1)
FN:27,(anonymous_2)
FN:56,(anonymous_3)
FN:84,(anonymous_4)
FN:87,(anonymous_5)
FN:105,(anonymous_6)
FN:146,(anonymous_7)
FN:194,(anonymous_8)
FN:247,(anonymous_9)
FN:265,(anonymous_10)
FN:285,(anonymous_11)
FN:305,(anonymous_12)
FN:328,(anonymous_13)
FN:329,(anonymous_14)
FN:337,(anonymous_15)
FN:342,(anonymous_16)
FN:351,(anonymous_17)
FN:357,(anonymous_18)
FN:368,(anonymous_19)
FN:377,(anonymous_20)
FN:382,(anonymous_21)
FN:389,(anonymous_22)
FN:390,(anonymous_23)
FN:396,(anonymous_24)
FN:419,(anonymous_25)
FN:422,(anonymous_26)
FN:440,(anonymous_27)
FN:447,(anonymous_28)
FNF:28
FNH:0
FNDA:0,(anonymous_1)
FNDA:0,(anonymous_2)
FNDA:0,(anonymous_3)
FNDA:0,(anonymous_4)
FNDA:0,(anonymous_5)
FNDA:0,(anonymous_6)
FNDA:0,(anonymous_7)
FNDA:0,(anonymous_8)
FNDA:0,(anonymous_9)
FNDA:0,(anonymous_10)
FNDA:0,(anonymous_11)
FNDA:0,(anonymous_12)
FNDA:0,(anonymous_13)
FNDA:0,(anonymous_14)
FNDA:0,(anonymous_15)
FNDA:0,(anonymous_16)
FNDA:0,(anonymous_17)
FNDA:0,(anonymous_18)
FNDA:0,(anonymous_19)
FNDA:0,(anonymous_20)
FNDA:0,(anonymous_21)
FNDA:0,(anonymous_22)
FNDA:0,(anonymous_23)
FNDA:0,(anonymous_24)
FNDA:0,(anonymous_25)
FNDA:0,(anonymous_26)
FNDA:0,(anonymous_27)
FNDA:0,(anonymous_28)
DA:1,0
DA:2,0
DA:3,0
DA:4,0
DA:5,0
DA:12,0
DA:14,0
DA:15,0
DA:16,0
DA:17,0
DA:20,0
DA:28,0
DA:29,0
DA:30,0
DA:31,0
DA:33,0
DA:36,0
DA:37,0
DA:38,0
DA:41,0
DA:47,0
DA:49,0
DA:50,0
DA:51,0
DA:57,0
DA:58,0
DA:59,0
DA:60,0
DA:62,0
DA:64,0
DA:74,0
DA:75,0
DA:85,0
DA:86,0
DA:87,0
DA:89,0
DA:90,0
DA:93,0
DA:95,0
DA:106,0
DA:107,0
DA:108,0
DA:109,0
DA:111,0
DA:113,0
DA:114,0
DA:117,0
DA:120,0
DA:121,0
DA:123,0
DA:132,0
DA:134,0
DA:136,0
DA:137,0
DA:147,0
DA:148,0
DA:149,0
DA:150,0
DA:152,0
DA:155,0
DA:157,0
DA:158,0
DA:161,0
DA:183,0
DA:184,0
DA:195,0
DA:196,0
DA:199,0
DA:201,0
DA:208,0
DA:209,0
DA:210,0
DA:211,0
DA:214,0
DA:215,0
DA:218,0
DA:219,0
DA:222,0
DA:223,0
DA:225,0
DA:228,0
DA:236,0
DA:247,0
DA:255,0
DA:256,0
DA:266,0
DA:267,0
DA:268,0
DA:269,0
DA:271,0
DA:273,0
DA:275,0
DA:276,0
DA:286,0
DA:287,0
DA:288,0
DA:289,0
DA:291,0
DA:293,0
DA:295,0
DA:296,0
DA:306,0
DA:307,0
DA:308,0
DA:311,0
DA:313,0
DA:315,0
DA:317,0
DA:318,0
DA:329,0
DA:330,0
DA:331,0
DA:334,0
DA:335,0
DA:337,0
DA:338,0
DA:339,0
DA:342,0
DA:343,0
DA:344,0
DA:345,0
DA:347,0
DA:351,0
DA:352,0
DA:353,0
DA:354,0
DA:357,0
DA:358,0
DA:361,0
DA:363,0
DA:369,0
DA:370,0
DA:371,0
DA:374,0
DA:375,0
DA:377,0
DA:378,0
DA:383,0
DA:384,0
DA:385,0
DA:390,0
DA:391,0
DA:397,0
DA:398,0
DA:401,0
DA:402,0
DA:405,0
DA:406,0
DA:409,0
DA:410,0
DA:413,0
DA:414,0
DA:420,0
DA:421,0
DA:422,0
DA:424,0
DA:425,0
DA:428,0
DA:430,0
DA:443,0
DA:450,0
DA:454,0
LF:162
LH:0
BRDA:37,0,0,0
BRDA:49,1,0,0
BRDA:49,1,1,0
BRDA:50,2,0,0
BRDA:50,2,1,0
BRDA:74,3,0,0
BRDA:74,3,1,0
BRDA:76,4,0,0
BRDA:76,4,1,0
BRDA:84,5,0,0
BRDA:89,6,0,0
BRDA:96,7,0,0
BRDA:96,7,1,0
BRDA:113,8,0,0
BRDA:121,9,0,0
BRDA:121,9,1,0
BRDA:126,10,0,0
BRDA:126,10,1,0
BRDA:127,11,0,0
BRDA:127,11,1,0
BRDA:128,12,0,0
BRDA:128,12,1,0
BRDA:129,13,0,0
BRDA:129,13,1,0
BRDA:132,14,0,0
BRDA:132,14,1,0
BRDA:132,15,0,0
BRDA:132,15,1,0
BRDA:136,16,0,0
BRDA:136,16,1,0
BRDA:138,17,0,0
BRDA:138,17,1,0
BRDA:155,18,0,0
BRDA:155,18,1,0
BRDA:157,19,0,0
BRDA:163,20,0,0
BRDA:163,20,1,0
BRDA:164,21,0,0
BRDA:164,21,1,0
BRDA:165,22,0,0
BRDA:165,22,1,0
BRDA:166,23,0,0
BRDA:166,23,1,0
BRDA:167,24,0,0
BRDA:167,24,1,0
BRDA:168,25,0,0
BRDA:168,25,1,0
BRDA:169,26,0,0
BRDA:169,26,1,0
BRDA:170,27,0,0
BRDA:170,27,1,0
BRDA:171,28,0,0
BRDA:171,28,1,0
BRDA:172,29,0,0
BRDA:172,29,1,0
BRDA:173,30,0,0
BRDA:173,30,1,0
BRDA:174,31,0,0
BRDA:174,31,1,0
BRDA:175,32,0,0
BRDA:175,32,1,0
BRDA:176,33,0,0
BRDA:176,33,1,0
BRDA:177,34,0,0
BRDA:177,34,1,0
BRDA:180,35,0,0
BRDA:180,35,1,0
BRDA:183,36,0,0
BRDA:183,36,1,0
BRDA:185,37,0,0
BRDA:185,37,1,0
BRDA:208,38,0,0
BRDA:208,38,1,0
BRDA:210,39,0,0
BRDA:214,40,0,0
BRDA:214,41,0,0
BRDA:214,41,1,0
BRDA:218,42,0,0
BRDA:232,43,0,0
BRDA:232,43,1,0
BRDA:243,44,0,0
BRDA:243,44,1,0
BRDA:245,45,0,0
BRDA:245,45,1,0
BRDA:246,46,0,0
BRDA:246,46,1,0
BRDA:255,47,0,0
BRDA:255,47,1,0
BRDA:257,48,0,0
BRDA:257,48,1,0
BRDA:275,49,0,0
BRDA:275,49,1,0
BRDA:277,50,0,0
BRDA:277,50,1,0
BRDA:295,51,0,0
BRDA:295,51,1,0
BRDA:297,52,0,0
BRDA:297,52,1,0
BRDA:308,53,0,0
BRDA:308,53,1,0
BRDA:317,54,0,0
BRDA:317,54,1,0
BRDA:319,55,0,0
BRDA:319,55,1,0
BRDA:330,56,0,0
BRDA:347,57,0,0
BRDA:347,57,1,0
BRDA:363,58,0,0
BRDA:363,58,1,0
BRDA:369,59,0,0
BRDA:383,60,0,0
BRDA:397,61,0,0
BRDA:401,62,0,0
BRDA:405,63,0,0
BRDA:409,64,0,0
BRDA:409,65,0,0
BRDA:409,65,1,0
BRDA:413,66,0,0
BRDA:413,67,0,0
BRDA:413,67,1,0
BRDA:424,68,0,0
BRDA:431,69,0,0
BRDA:431,69,1,0
BRF:123
BRH:0
end_of_record
TN:
SF:src/services/decision.service.ts
FN:24,(anonymous_1)
FN:32,(anonymous_2)
FN:104,(anonymous_3)
FN:129,(anonymous_4)
FN:152,(anonymous_5)
FN:177,(anonymous_6)
FN:209,(anonymous_7)
FN:281,(anonymous_8)
FN:346,(anonymous_9)
FN:355,(anonymous_10)
FN:366,(anonymous_11)
FN:370,(anonymous_12)
FN:376,(anonymous_13)
FN:398,(anonymous_14)
FNF:14
FNH:0
FNDA:0,(anonymous_1)
FNDA:0,(anonymous_2)
FNDA:0,(anonymous_3)
FNDA:0,(anonymous_4)
FNDA:0,(anonymous_5)
FNDA:0,(anonymous_6)
FNDA:0,(anonymous_7)
FNDA:0,(anonymous_8)
FNDA:0,(anonymous_9)
FNDA:0,(anonymous_10)
FNDA:0,(anonymous_11)
FNDA:0,(anonymous_12)
FNDA:0,(anonymous_13)
FNDA:0,(anonymous_14)
DA:1,0
DA:2,0
DA:3,0
DA:4,0
DA:5,0
DA:6,0
DA:16,0
DA:21,0
DA:22,0
DA:25,0
DA:26,0
DA:27,0
DA:28,0
DA:38,0
DA:39,0
DA:42,0
DA:43,0
DA:52,0
DA:53,0
DA:56,0
DA:59,0
DA:62,0
DA:65,0
DA:74,0
DA:76,0
DA:84,0
DA:85,0
DA:88,0
DA:90,0
DA:92,0
DA:94,0
DA:105,0
DA:107,0
DA:108,0
DA:109,0
DA:110,0
DA:112,0
DA:113,0
DA:125,0
DA:130,0
DA:131,0
DA:132,0
DA:133,0
DA:136,0
DA:137,0
DA:139,0
DA:140,0
DA:141,0
DA:142,0
DA:145,0
DA:147,0
DA:148,0
DA:153,0
DA:154,0
DA:155,0
DA:157,0
DA:172,0
DA:173,0
DA:178,0
DA:179,0
DA:180,0
DA:183,0
DA:186,0
DA:194,0
DA:195,0
DA:202,0
DA:204,0
DA:205,0
DA:210,0
DA:211,0
DA:214,0
DA:218,0
DA:231,0
DA:232,0
DA:233,0
DA:238,0
DA:253,0
DA:256,0
DA:266,0
DA:274,0
DA:276,0
DA:277,0
DA:282,0
DA:283,0
DA:285,0
DA:286,0
DA:287,0
DA:290,0
DA:297,0
DA:310,0
DA:312,0
DA:318,0
DA:321,0
DA:331,0
DA:339,0
DA:341,0
DA:342,0
DA:347,0
DA:348,0
DA:350,0
DA:351,0
DA:362,0
DA:363,0
DA:365,0
DA:366,0
DA:369,0
DA:370,0
DA:372,0
DA:375,0
DA:376,0
DA:378,0
DA:386,0
DA:387,0
DA:404,0
DA:405,0
DA:406,0
DA:407,0
DA:409,0
DA:416,0
DA:428,0
LF:120
LH:0
BRDA:42,0,0,0
BRDA:78,1,0,0
BRDA:78,1,1,0
BRDA:84,2,0,0
BRDA:97,3,0,0
BRDA:97,3,1,0
BRDA:131,4,0,0
BRDA:139,5,0,0
BRDA:139,5,1,0
BRDA:141,6,0,0
BRDA:179,7,0,0
BRDA:194,8,0,0
BRDA:232,9,0,0
BRDA:232,9,1,0
BRDA:285,10,0,0
BRDA:285,11,0,0
BRDA:285,11,1,0
BRDA:348,12,0,0
BRDA:372,13,0,0
BRDA:372,13,1,0
BRDA:375,14,0,0
BRDA:375,14,1,0
BRDA:421,15,0,0
BRDA:421,15,1,0
BRF:24
BRH:0
end_of_record
TN:
SF:src/services/multi-timeframe-risk.service.ts
FN:81,(anonymous_0)
FN:86,(anonymous_1)
FN:134,(anonymous_2)
FN:168,(anonymous_3)
FN:177,(anonymous_4)
FN:178,(anonymous_5)
FN:186,(anonymous_6)
FN:190,(anonymous_7)
FN:212,(anonymous_8)
FN:215,(anonymous_9)
FN:232,(anonymous_10)
FN:236,(anonymous_11)
FN:256,(anonymous_12)
FN:260,(anonymous_13)
FN:280,(anonymous_14)
FN:284,(anonymous_15)
FN:285,(anonymous_16)
FN:295,(anonymous_17)
FN:305,(anonymous_18)
FN:361,(anonymous_19)
FN:385,(anonymous_20)
FN:400,(anonymous_21)
FN:438,(anonymous_22)
FN:462,(anonymous_23)
FN:466,(anonymous_24)
FN:474,(anonymous_25)
FN:475,(anonymous_26)
FN:481,(anonymous_27)
FN:487,(anonymous_28)
FN:503,(anonymous_29)
FN:531,(anonymous_30)
FN:549,(anonymous_31)
FN:555,(anonymous_32)
FN:557,(anonymous_33)
FN:560,(anonymous_34)
FN:590,(anonymous_35)
FN:606,(anonymous_36)
FN:621,(anonymous_37)
FN:624,(anonymous_38)
FN:627,(anonymous_39)
FN:631,(anonymous_40)
FN:634,(anonymous_41)
FN:635,(anonymous_42)
FN:636,(anonymous_43)
FN:637,(anonymous_44)
FN:643,(anonymous_45)
FN:655,(anonymous_46)
FN:656,(anonymous_47)
FNF:48
FNH:0
FNDA:0,(anonymous_0)
FNDA:0,(anonymous_1)
FNDA:0,(anonymous_2)
FNDA:0,(anonymous_3)
FNDA:0,(anonymous_4)
FNDA:0,(anonymous_5)
FNDA:0,(anonymous_6)
FNDA:0,(anonymous_7)
FNDA:0,(anonymous_8)
FNDA:0,(anonymous_9)
FNDA:0,(anonymous_10)
FNDA:0,(anonymous_11)
FNDA:0,(anonymous_12)
FNDA:0,(anonymous_13)
FNDA:0,(anonymous_14)
FNDA:0,(anonymous_15)
FNDA:0,(anonymous_16)
FNDA:0,(anonymous_17)
FNDA:0,(anonymous_18)
FNDA:0,(anonymous_19)
FNDA:0,(anonymous_20)
FNDA:0,(anonymous_21)
FNDA:0,(anonymous_22)
FNDA:0,(anonymous_23)
FNDA:0,(anonymous_24)
FNDA:0,(anonymous_25)
FNDA:0,(anonymous_26)
FNDA:0,(anonymous_27)
FNDA:0,(anonymous_28)
FNDA:0,(anonymous_29)
FNDA:0,(anonymous_30)
FNDA:0,(anonymous_31)
FNDA:0,(anonymous_32)
FNDA:0,(anonymous_33)
FNDA:0,(anonymous_34)
FNDA:0,(anonymous_35)
FNDA:0,(anonymous_36)
FNDA:0,(anonymous_37)
FNDA:0,(anonymous_38)
FNDA:0,(anonymous_39)
FNDA:0,(anonymous_40)
FNDA:0,(anonymous_41)
FNDA:0,(anonymous_42)
FNDA:0,(anonymous_43)
FNDA:0,(anonymous_44)
FNDA:0,(anonymous_45)
FNDA:0,(anonymous_46)
FNDA:0,(anonymous_47)
DA:61,0
DA:62,0
DA:81,0
DA:91,0
DA:95,0
DA:98,0
DA:99,0
DA:100,0
DA:101,0
DA:102,0
DA:107,0
DA:108,0
DA:109,0
DA:110,0
DA:111,0
DA:112,0
DA:113,0
DA:114,0
DA:116,0
DA:141,0
DA:142,0
DA:143,0
DA:144,0
DA:145,0
DA:146,0
DA:147,0
DA:148,0
DA:152,0
DA:169,0
DA:171,0
DA:172,0
DA:173,0
DA:174,0
DA:177,0
DA:178,0
DA:180,0
DA:187,0
DA:189,0
DA:190,0
DA:193,0
DA:194,0
DA:197,0
DA:200,0
DA:201,0
DA:202,0
DA:203,0
DA:205,0
DA:213,0
DA:215,0
DA:218,0
DA:221,0
DA:224,0
DA:226,0
DA:233,0
DA:235,0
DA:236,0
DA:239,0
DA:240,0
DA:241,0
DA:243,0
DA:247,0
DA:250,0
DA:257,0
DA:259,0
DA:260,0
DA:263,0
DA:264,0
DA:265,0
DA:267,0
DA:271,0
DA:274,0
DA:281,0
DA:283,0
DA:284,0
DA:285,0
DA:288,0
DA:289,0
DA:296,0
DA:298,0
DA:299,0
DA:313,0
DA:316,0
DA:317,0
DA:318,0
DA:319,0
DA:320,0
DA:321,0
DA:325,0
DA:326,0
DA:327,0
DA:328,0
DA:332,0
DA:333,0
DA:334,0
DA:335,0
DA:336,0
DA:337,0
DA:341,0
DA:342,0
DA:343,0
DA:344,0
DA:346,0
DA:347,0
DA:348,0
DA:349,0
DA:350,0
DA:351,0
DA:355,0
DA:362,0
DA:365,0
DA:370,0
DA:371,0
DA:373,0
DA:374,0
DA:375,0
DA:376,0
DA:379,0
DA:386,0
DA:387,0
DA:388,0
DA:389,0
DA:390,0
DA:391,0
DA:393,0
DA:401,0
DA:403,0
DA:404,0
DA:405,0
DA:408,0
DA:413,0
DA:414,0
DA:417,0
DA:418,0
DA:419,0
DA:420,0
DA:422,0
DA:426,0
DA:427,0
DA:428,0
DA:429,0
DA:431,0
DA:442,0
DA:445,0
DA:446,0
DA:447,0
DA:448,0
DA:449,0
DA:450,0
DA:451,0
DA:452,0
DA:456,0
DA:463,0
DA:466,0
DA:467,0
DA:469,0
DA:470,0
DA:474,0
DA:475,0
DA:476,0
DA:477,0
DA:481,0
DA:482,0
DA:483,0
DA:487,0
DA:488,0
DA:489,0
DA:490,0
DA:493,0
DA:494,0
DA:497,0
DA:508,0
DA:510,0
DA:511,0
DA:512,0
DA:513,0
DA:514,0
DA:515,0
DA:516,0
DA:517,0
DA:519,0
DA:522,0
DA:523,0
DA:524,0
DA:525,0
DA:526,0
DA:527,0
DA:531,0
DA:532,0
DA:533,0
DA:534,0
DA:535,0
DA:536,0
DA:537,0
DA:538,0
DA:539,0
DA:543,0
DA:555,0
DA:556,0
DA:557,0
DA:560,0
DA:564,0
DA:565,0
DA:566,0
DA:567,0
DA:568,0
DA:569,0
DA:570,0
DA:571,0
DA:574,0
DA:575,0
DA:576,0
DA:577,0
DA:580,0
DA:594,0
DA:597,0
DA:598,0
DA:599,0
DA:600,0
DA:601,0
DA:602,0
DA:606,0
DA:607,0
DA:611,0
DA:613,0
DA:622,0
DA:623,0
DA:624,0
DA:628,0
DA:630,0
DA:631,0
DA:632,0
DA:634,0
DA:635,0
DA:636,0
DA:637,0
DA:639,0
DA:640,0
DA:644,0
DA:646,0
DA:647,0
DA:649,0
DA:650,0
DA:651,0
DA:652,0
DA:655,0
DA:656,0
DA:658,0
DA:660,0
DA:661,0
LF:249
LH:0
BRDA:81,0,0,0
BRDA:100,1,0,0
BRDA:100,2,0,0
BRDA:100,2,1,0
BRDA:169,3,0,0
BRDA:187,4,0,0
BRDA:200,5,0,0
BRDA:200,5,1,0
BRDA:200,6,0,0
BRDA:200,6,1,0
BRDA:202,7,0,0
BRDA:202,7,1,0
BRDA:202,8,0,0
BRDA:202,8,1,0
BRDA:213,9,0,0
BRDA:233,10,0,0
BRDA:241,11,0,0
BRDA:241,12,0,0
BRDA:241,12,1,0
BRDA:241,12,2,0
BRDA:241,12,3,0
BRDA:247,13,0,0
BRDA:257,14,0,0
BRDA:265,15,0,0
BRDA:265,16,0,0
BRDA:265,16,1,0
BRDA:265,16,2,0
BRDA:265,16,3,0
BRDA:271,17,0,0
BRDA:281,18,0,0
BRDA:296,19,0,0
BRDA:316,20,0,0
BRDA:316,20,1,0
BRDA:318,21,0,0
BRDA:318,21,1,0
BRDA:320,22,0,0
BRDA:325,23,0,0
BRDA:325,23,1,0
BRDA:327,24,0,0
BRDA:332,25,0,0
BRDA:332,25,1,0
BRDA:334,26,0,0
BRDA:334,26,1,0
BRDA:336,27,0,0
BRDA:341,28,0,0
BRDA:341,29,0,0
BRDA:341,29,1,0
BRDA:346,30,0,0
BRDA:346,30,1,0
BRDA:348,31,0,0
BRDA:348,31,1,0
BRDA:350,32,0,0
BRDA:362,33,0,0
BRDA:374,34,0,0
BRDA:374,34,1,0
BRDA:379,35,0,0
BRDA:379,35,1,0
BRDA:386,36,0,0
BRDA:386,36,1,0
BRDA:388,37,0,0
BRDA:388,37,1,0
BRDA:390,38,0,0
BRDA:390,38,1,0
BRDA:401,39,0,0
BRDA:414,40,0,0
BRDA:414,40,1,0
BRDA:417,41,0,0
BRDA:417,41,1,0
BRDA:417,42,0,0
BRDA:417,42,1,0
BRDA:419,43,0,0
BRDA:419,43,1,0
BRDA:419,44,0,0
BRDA:419,44,1,0
BRDA:426,45,0,0
BRDA:426,45,1,0
BRDA:426,46,0,0
BRDA:426,46,1,0
BRDA:428,47,0,0
BRDA:428,47,1,0
BRDA:428,48,0,0
BRDA:428,48,1,0
BRDA:442,49,0,0
BRDA:447,50,0,0
BRDA:447,50,1,0
BRDA:447,51,0,0
BRDA:447,51,1,0
BRDA:449,52,0,0
BRDA:449,52,1,0
BRDA:449,53,0,0
BRDA:449,53,1,0
BRDA:451,54,0,0
BRDA:451,55,0,0
BRDA:451,55,1,0
BRDA:469,56,0,0
BRDA:476,57,0,0
BRDA:476,58,0,0
BRDA:476,58,1,0
BRDA:482,59,0,0
BRDA:488,60,0,0
BRDA:488,61,0,0
BRDA:488,61,1,0
BRDA:493,62,0,0
BRDA:510,63,0,0
BRDA:510,63,1,0
BRDA:513,64,0,0
BRDA:513,64,1,0
BRDA:516,65,0,0
BRDA:516,65,1,0
BRDA:522,66,0,0
BRDA:522,66,1,0
BRDA:522,67,0,0
BRDA:522,67,1,0
BRDA:524,68,0,0
BRDA:524,68,1,0
BRDA:524,69,0,0
BRDA:524,69,1,0
BRDA:526,70,0,0
BRDA:532,71,0,0
BRDA:532,71,1,0
BRDA:534,72,0,0
BRDA:534,72,1,0
BRDA:536,73,0,0
BRDA:536,73,1,0
BRDA:538,74,0,0
BRDA:556,75,0,0
BRDA:556,75,1,0
BRDA:564,76,0,0
BRDA:564,76,1,0
BRDA:568,77,0,0
BRDA:568,77,1,0
BRDA:597,78,0,0
BRDA:597,78,1,0
BRDA:599,79,0,0
BRDA:599,79,1,0
BRDA:601,80,0,0
BRDA:607,81,0,0
BRDA:607,81,1,0
BRDA:607,81,2,0
BRDA:607,81,3,0
BRDA:622,82,0,0
BRDA:628,83,0,0
BRDA:644,84,0,0
BRDA:651,85,0,0
BRDA:651,85,1,0
BRDA:652,86,0,0
BRDA:652,86,1,0
BRDA:658,87,0,0
BRF:148
BRH:0
end_of_record
TN:
SF:src/services/risk.service.ts
FN:26,(anonymous_0)
FN:32,(anonymous_1)
FN:48,(anonymous_2)
FN:56,(anonymous_3)
FN:69,(anonymous_4)
FN:76,(anonymous_5)
FN:103,(anonymous_6)
FN:110,(anonymous_7)
FN:128,(anonymous_8)
FN:193,(anonymous_9)
FN:240,(anonymous_10)
FN:249,(anonymous_11)
FN:263,(anonymous_12)
FN:317,(anonymous_13)
FN:328,(anonymous_14)
FN:335,(anonymous_15)
FN:356,(anonymous_16)
FN:361,(anonymous_17)
FN:366,(anonymous_18)
FN:371,(anonymous_19)
FN:387,(anonymous_20)
FN:434,(anonymous_21)
FN:456,(anonymous_22)
FN:457,(anonymous_23)
FNF:24
FNH:0
FNDA:0,(anonymous_0)
FNDA:0,(anonymous_1)
FNDA:0,(anonymous_2)
FNDA:0,(anonymous_3)
FNDA:0,(anonymous_4)
FNDA:0,(anonymous_5)
FNDA:0,(anonymous_6)
FNDA:0,(anonymous_7)
FNDA:0,(anonymous_8)
FNDA:0,(anonymous_9)
FNDA:0,(anonymous_10)
FNDA:0,(anonymous_11)
FNDA:0,(anonymous_12)
FNDA:0,(anonymous_13)
FNDA:0,(anonymous_14)
FNDA:0,(anonymous_15)
FNDA:0,(anonymous_16)
FNDA:0,(anonymous_17)
FNDA:0,(anonymous_18)
FNDA:0,(anonymous_19)
FNDA:0,(anonymous_20)
FNDA:0,(anonymous_21)
FNDA:0,(anonymous_22)
FNDA:0,(anonymous_23)
DA:1,0
DA:2,0
DA:3,0
DA:4,0
DA:21,0
DA:22,0
DA:23,0
DA:24,0
DA:27,0
DA:28,0
DA:33,0
DA:34,0
DA:35,0
DA:42,0
DA:43,0
DA:49,0
DA:50,0
DA:51,0
DA:52,0
DA:55,0
DA:56,0
DA:57,0
DA:58,0
DA:62,0
DA:63,0
DA:64,0
DA:65,0
DA:68,0
DA:69,0
DA:70,0
DA:71,0
DA:73,0
DA:76,0
DA:77,0
DA:78,0
DA:79,0
DA:81,0
DA:82,0
DA:83,0
DA:84,0
DA:88,0
DA:96,0
DA:98,0
DA:104,0
DA:106,0
DA:107,0
DA:108,0
DA:110,0
DA:111,0
DA:112,0
DA:113,0
DA:114,0
DA:115,0
DA:116,0
DA:117,0
DA:118,0
DA:119,0
DA:124,0
DA:135,0
DA:137,0
DA:140,0
DA:144,0
DA:145,0
DA:148,0
DA:152,0
DA:153,0
DA:156,0
DA:160,0
DA:161,0
DA:165,0
DA:172,0
DA:183,0
DA:185,0
DA:194,0
DA:195,0
DA:197,0
DA:198,0
DA:202,0
DA:205,0
DA:206,0
DA:208,0
DA:210,0
DA:211,0
DA:220,0
DA:221,0
DA:222,0
DA:230,0
DA:232,0
DA:241,0
DA:242,0
DA:243,0
DA:245,0
DA:246,0
DA:249,0
DA:253,0
DA:255,0
DA:270,0
DA:272,0
DA:273,0
DA:274,0
DA:277,0
DA:280,0
DA:281,0
DA:283,0
DA:289,0
DA:290,0
DA:306,0
DA:308,0
DA:318,0
DA:321,0
DA:323,0
DA:324,0
DA:329,0
DA:330,0
DA:331,0
DA:332,0
DA:335,0
DA:338,0
DA:340,0
DA:351,0
DA:357,0
DA:358,0
DA:362,0
DA:363,0
DA:367,0
DA:372,0
DA:374,0
DA:375,0
DA:379,0
DA:392,0
DA:394,0
DA:397,0
DA:398,0
DA:401,0
DA:405,0
DA:415,0
DA:418,0
DA:422,0
DA:429,0
DA:435,0
DA:436,0
DA:437,0
DA:440,0
DA:442,0
DA:443,0
DA:447,0
DA:448,0
DA:449,0
DA:450,0
DA:451,0
DA:452,0
DA:456,0
DA:457,0
DA:458,0
DA:461,0
DA:463,0
DA:464,0
DA:469,0
LF:158
LH:0
BRDA:34,0,0,0
BRDA:58,1,0,0
BRDA:58,1,1,0
BRDA:58,1,2,0
BRDA:70,2,0,0
BRDA:81,3,0,0
BRDA:81,3,1,0
BRDA:83,4,0,0
BRDA:98,5,0,0
BRDA:98,5,1,0
BRDA:104,6,0,0
BRDA:111,7,0,0
BRDA:111,7,1,0
BRDA:115,8,0,0
BRDA:116,9,0,0
BRDA:137,10,0,0
BRDA:137,10,1,0
BRDA:144,11,0,0
BRDA:144,11,1,0
BRDA:156,12,0,0
BRDA:156,12,1,0
BRDA:161,13,0,0
BRDA:161,13,1,0
BRDA:186,14,0,0
BRDA:186,14,1,0
BRDA:197,15,0,0
BRDA:202,16,0,0
BRDA:202,16,1,0
BRDA:210,17,0,0
BRDA:220,18,0,0
BRDA:233,19,0,0
BRDA:233,19,1,0
BRDA:245,20,0,0
BRDA:256,21,0,0
BRDA:256,21,1,0
BRDA:281,22,0,0
BRDA:281,22,1,0
BRDA:283,23,0,0
BRDA:283,23,1,0
BRDA:283,23,2,0
BRDA:283,23,3,0
BRDA:283,23,4,0
BRDA:289,24,0,0
BRDA:309,25,0,0
BRDA:309,25,1,0
BRDA:323,26,0,0
BRDA:323,26,1,0
BRDA:338,27,0,0
BRDA:338,27,1,0
BRDA:351,28,0,0
BRDA:351,28,1,0
BRDA:374,29,0,0
BRDA:401,30,0,0
BRDA:401,30,1,0
BRDA:418,31,0,0
BRDA:418,31,1,0
BRDA:422,32,0,0
BRDA:422,32,1,0
BRDA:434,33,0,0
BRDA:442,34,0,0
BRDA:463,35,0,0
BRDA:463,35,1,0
BRF:62
BRH:0
end_of_record
TN:
SF:src/services/stress-testing.service.ts
FN:65,(anonymous_0)
FN:72,(anonymous_1)
FN:92,(anonymous_2)
FN:210,(anonymous_3)
FN:257,(anonymous_4)
FN:268,(anonymous_5)
FN:274,(anonymous_6)
FN:285,(anonymous_7)
FN:302,(anonymous_8)
FN:303,(anonymous_9)
FN:311,(anonymous_10)
FN:314,(anonymous_11)
FN:315,(anonymous_12)
FN:344,(anonymous_13)
FN:351,(anonymous_14)
FN:374,(anonymous_15)
FN:416,(anonymous_16)
FN:431,(anonymous_17)
FN:530,(anonymous_18)
FN:537,(anonymous_19)
FNF:20
FNH:0
FNDA:0,(anonymous_0)
FNDA:0,(anonymous_1)
FNDA:0,(anonymous_2)
FNDA:0,(anonymous_3)
FNDA:0,(anonymous_4)
FNDA:0,(anonymous_5)
FNDA:0,(anonymous_6)
FNDA:0,(anonymous_7)
FNDA:0,(anonymous_8)
FNDA:0,(anonymous_9)
FNDA:0,(anonymous_10)
FNDA:0,(anonymous_11)
FNDA:0,(anonymous_12)
FNDA:0,(anonymous_13)
FNDA:0,(anonymous_14)
FNDA:0,(anonymous_15)
FNDA:0,(anonymous_16)
FNDA:0,(anonymous_17)
FNDA:0,(anonymous_18)
FNDA:0,(anonymous_19)
DA:62,0
DA:63,0
DA:66,0
DA:73,0
DA:75,0
DA:76,0
DA:77,0
DA:78,0
DA:79,0
DA:82,0
DA:83,0
DA:86,0
DA:96,0
DA:99,0
DA:102,0
DA:103,0
DA:104,0
DA:105,0
DA:106,0
DA:107,0
DA:108,0
DA:110,0
DA:111,0
DA:112,0
DA:113,0
DA:114,0
DA:117,0
DA:118,0
DA:119,0
DA:122,0
DA:123,0
DA:124,0
DA:125,0
DA:130,0
DA:131,0
DA:134,0
DA:135,0
DA:136,0
DA:137,0
DA:138,0
DA:141,0
DA:142,0
DA:144,0
DA:145,0
DA:146,0
DA:151,0
DA:152,0
DA:155,0
DA:156,0
DA:157,0
DA:158,0
DA:159,0
DA:160,0
DA:162,0
DA:166,0
DA:170,0
DA:173,0
DA:182,0
DA:190,0
DA:192,0
DA:215,0
DA:216,0
DA:218,0
DA:219,0
DA:222,0
DA:223,0
DA:225,0
DA:227,0
DA:228,0
DA:230,0
DA:233,0
DA:235,0
DA:244,0
DA:245,0
DA:248,0
DA:251,0
DA:259,0
DA:260,0
DA:262,0
DA:272,0
DA:274,0
DA:275,0
DA:276,0
DA:277,0
DA:278,0
DA:290,0
DA:291,0
DA:292,0
DA:293,0
DA:296,0
DA:303,0
DA:306,0
DA:307,0
DA:310,0
DA:311,0
DA:314,0
DA:315,0
DA:316,0
DA:317,0
DA:320,0
DA:321,0
DA:322,0
DA:324,0
DA:325,0
DA:326,0
DA:327,0
DA:328,0
DA:331,0
DA:351,0
DA:352,0
DA:353,0
DA:355,0
DA:356,0
DA:358,0
DA:359,0
DA:361,0
DA:380,0
DA:382,0
DA:383,0
DA:386,0
DA:387,0
DA:390,0
DA:391,0
DA:394,0
DA:395,0
DA:398,0
DA:399,0
DA:402,0
DA:403,0
DA:406,0
DA:407,0
DA:410,0
DA:417,0
DA:418,0
DA:419,0
DA:420,0
DA:421,0
DA:422,0
DA:424,0
DA:433,0
DA:452,0
DA:471,0
DA:489,0
DA:508,0
DA:531,0
DA:538,0
LF:146
LH:0
BRDA:77,0,0,0
BRDA:124,1,0,0
BRDA:134,2,0,0
BRDA:134,2,1,0
BRDA:136,3,0,0
BRDA:144,4,0,0
BRDA:144,5,0,0
BRDA:144,5,1,0
BRDA:156,6,0,0
BRDA:158,7,0,0
BRDA:158,7,1,0
BRDA:215,8,0,0
BRDA:215,8,1,0
BRDA:215,9,0,0
BRDA:215,9,1,0
BRDA:219,10,0,0
BRDA:219,10,1,0
BRDA:220,11,0,0
BRDA:220,11,1,0
BRDA:230,12,0,0
BRDA:230,12,1,0
BRDA:237,13,0,0
BRDA:237,13,1,0
BRDA:238,14,0,0
BRDA:238,14,1,0
BRDA:244,15,0,0
BRDA:260,16,0,0
BRDA:260,16,1,0
BRDA:260,17,0,0
BRDA:260,17,1,0
BRDA:272,18,0,0
BRDA:272,18,1,0
BRDA:290,19,0,0
BRDA:290,19,1,0
BRDA:290,20,0,0
BRDA:290,20,1,0
BRDA:292,21,0,0
BRDA:292,22,0,0
BRDA:292,22,1,0
BRDA:317,23,0,0
BRDA:317,23,1,0
BRDA:355,24,0,0
BRDA:355,24,1,0
BRDA:356,25,0,0
BRDA:356,25,1,0
BRDA:357,26,0,0
BRDA:357,26,1,0
BRDA:358,27,0,0
BRDA:358,27,1,0
BRDA:359,28,0,0
BRDA:359,28,1,0
BRDA:382,29,0,0
BRDA:386,30,0,0
BRDA:390,31,0,0
BRDA:394,32,0,0
BRDA:398,33,0,0
BRDA:402,34,0,0
BRDA:406,35,0,0
BRDA:417,36,0,0
BRDA:417,36,1,0
BRDA:417,37,0,0
BRDA:417,37,1,0
BRDA:417,37,2,0
BRDA:419,38,0,0
BRDA:419,38,1,0
BRDA:419,39,0,0
BRDA:419,39,1,0
BRDA:419,39,2,0
BRDA:421,40,0,0
BRDA:421,40,1,0
BRDA:421,41,0,0
BRDA:421,41,1,0
BRDA:421,41,2,0
BRF:73
BRH:0
end_of_record
TN:
SF:src/types/ai.types.ts
FN:256,(anonymous_0)
FN:268,(anonymous_1)
FN:279,(anonymous_2)
FNF:3
FNH:0
FNDA:0,(anonymous_0)
FNDA:0,(anonymous_1)
FNDA:0,(anonymous_2)
DA:255,0
DA:258,0
DA:259,0
DA:260,0
DA:262,0
DA:263,0
DA:267,0
DA:270,0
DA:271,0
DA:273,0
DA:274,0
DA:278,0
DA:281,0
DA:282,0
DA:284,0
DA:285,0
LF:16
LH:0
BRDA:260,0,0,0
BRF:1
BRH:0
end_of_record
TN:
SF:src/types/index.ts
FN:194,(anonymous_0)
FN:205,(anonymous_1)
FN:216,(anonymous_2)
FNF:3
FNH:0
FNDA:0,(anonymous_0)
FNDA:0,(anonymous_1)
FNDA:0,(anonymous_2)
DA:193,0
DA:196,0
DA:197,0
DA:199,0
DA:200,0
DA:204,0
DA:207,0
DA:208,0
DA:210,0
DA:211,0
DA:215,0
DA:218,0
DA:219,0
DA:220,0
DA:222,0
DA:223,0
LF:16
LH:0
BRF:0
BRH:0
end_of_record
TN:
SF:src/utils/circuit-breaker.ts
FN:23,(anonymous_0)
FN:41,(anonymous_1)
FN:65,(anonymous_2)
FN:84,(anonymous_3)
FN:125,(anonymous_4)
FN:137,(anonymous_5)
FN:156,(anonymous_6)
FN:169,(anonymous_7)
FN:173,(anonymous_8)
FN:182,(anonymous_9)
FN:203,(anonymous_10)
FN:221,(anonymous_11)
FN:232,(anonymous_12)
FN:249,(anonymous_13)
FN:251,(anonymous_14)
FN:261,(anonymous_15)
FN:271,(anonymous_16)
FN:284,(anonymous_17)
FN:293,(anonymous_18)
FN:302,(anonymous_19)
FN:318,withCircuitBreaker
FN:322,(anonymous_21)
FN:327,(anonymous_22)
FN:328,(anonymous_23)
FNF:24
FNH:0
FNDA:0,(anonymous_0)
FNDA:0,(anonymous_1)
FNDA:0,(anonymous_2)
FNDA:0,(anonymous_3)
FNDA:0,(anonymous_4)
FNDA:0,(anonymous_5)
FNDA:0,(anonymous_6)
FNDA:0,(anonymous_7)
FNDA:0,(anonymous_8)
FNDA:0,(anonymous_9)
FNDA:0,(anonymous_10)
FNDA:0,(anonymous_11)
FNDA:0,(anonymous_12)
FNDA:0,(anonymous_13)
FNDA:0,(anonymous_14)
FNDA:0,(anonymous_15)
FNDA:0,(anonymous_16)
FNDA:0,(anonymous_17)
FNDA:0,(anonymous_18)
FNDA:0,(anonymous_19)
FNDA:0,withCircuitBreaker
FNDA:0,(anonymous_21)
FNDA:0,(anonymous_22)
FNDA:0,(anonymous_23)
DA:23,0
DA:24,0
DA:25,0
DA:26,0
DA:40,0
DA:43,0
DA:44,0
DA:46,0
DA:47,0
DA:51,0
DA:52,0
DA:53,0
DA:54,0
DA:57,0
DA:58,0
DA:60,0
DA:66,0
DA:67,0
DA:76,0
DA:77,0
DA:85,0
DA:86,0
DA:88,0
DA:90,0
DA:91,0
DA:92,0
DA:94,0
DA:103,0
DA:104,0
DA:107,0
DA:109,0
DA:112,0
DA:115,0
DA:118,0
DA:126,0
DA:127,0
DA:129,0
DA:130,0
DA:138,0
DA:139,0
DA:140,0
DA:141,0
DA:142,0
DA:143,0
DA:144,0
DA:145,0
DA:146,0
DA:148,0
DA:149,0
DA:157,0
DA:170,0
DA:174,0
DA:175,0
DA:177,0
DA:178,0
DA:183,0
DA:184,0
DA:185,0
DA:187,0
DA:188,0
DA:190,0
DA:191,0
DA:193,0
DA:195,0
DA:198,0
DA:199,0
DA:204,0
DA:205,0
DA:206,0
DA:208,0
DA:209,0
DA:210,0
DA:211,0
DA:212,0
DA:216,0
DA:217,0
DA:222,0
DA:223,0
DA:224,0
DA:225,0
DA:227,0
DA:228,0
DA:233,0
DA:234,0
DA:236,0
DA:237,0
DA:245,0
DA:247,0
DA:252,0
DA:253,0
DA:255,0
DA:262,0
DA:263,0
DA:265,0
DA:272,0
DA:274,0
DA:275,0
DA:278,0
DA:285,0
DA:286,0
DA:294,0
DA:295,0
DA:303,0
DA:305,0
DA:306,0
DA:307,0
DA:311,0
DA:318,0
DA:322,0
DA:323,0
DA:324,0
DA:325,0
DA:327,0
DA:328,0
DA:331,0
LF:115
LH:0
BRDA:23,0,0,0
BRDA:23,0,1,0
BRDA:65,1,0,0
BRDA:68,2,0,0
BRDA:68,2,1,0
BRDA:69,3,0,0
BRDA:69,3,1,0
BRDA:70,4,0,0
BRDA:70,4,1,0
BRDA:71,5,0,0
BRDA:71,5,1,0
BRDA:72,6,0,0
BRDA:72,6,1,0
BRDA:73,7,0,0
BRDA:73,7,1,0
BRDA:76,8,0,0
BRDA:90,9,0,0
BRDA:91,10,0,0
BRDA:91,10,1,0
BRDA:129,11,0,0
BRDA:148,12,0,0
BRDA:164,13,0,0
BRDA:164,13,1,0
BRDA:170,14,0,0
BRDA:170,14,1,0
BRDA:177,15,0,0
BRDA:187,16,0,0
BRDA:187,16,1,0
BRDA:190,17,0,0
BRDA:193,18,0,0
BRDA:198,19,0,0
BRDA:198,20,0,0
BRDA:198,20,1,0
BRDA:208,21,0,0
BRDA:208,21,1,0
BRDA:210,22,0,0
BRDA:211,23,0,0
BRDA:216,24,0,0
BRDA:227,25,0,0
BRDA:236,26,0,0
BRDA:252,27,0,0
BRDA:262,28,0,0
BRDA:306,29,0,0
BRF:43
BRH:0
end_of_record
TN:
SF:src/utils/logger.ts
FN:7,(anonymous_1)
FN:19,(anonymous_2)
FN:51,(anonymous_3)
FN:138,(anonymous_4)
FN:145,(anonymous_5)
FN:186,(anonymous_6)
FN:222,(anonymous_7)
FN:264,(anonymous_8)
FN:304,(anonymous_9)
FN:348,(anonymous_10)
FN:383,(anonymous_11)
FN:422,(anonymous_12)
FN:453,(anonymous_13)
FN:493,(anonymous_14)
FN:504,(anonymous_15)
FN:515,(anonymous_16)
FNF:16
FNH:0
FNDA:0,(anonymous_1)
FNDA:0,(anonymous_2)
FNDA:0,(anonymous_3)
FNDA:0,(anonymous_4)
FNDA:0,(anonymous_5)
FNDA:0,(anonymous_6)
FNDA:0,(anonymous_7)
FNDA:0,(anonymous_8)
FNDA:0,(anonymous_9)
FNDA:0,(anonymous_10)
FNDA:0,(anonymous_11)
FNDA:0,(anonymous_12)
FNDA:0,(anonymous_13)
FNDA:0,(anonymous_14)
FNDA:0,(anonymous_15)
FNDA:0,(anonymous_16)
DA:1,0
DA:2,0
DA:3,0
DA:4,0
DA:7,0
DA:8,0
DA:9,0
DA:10,0
DA:15,0
DA:21,0
DA:34,0
DA:35,0
DA:39,0
DA:40,0
DA:43,0
DA:48,0
DA:52,0
DA:54,0
DA:55,0
DA:56,0
DA:57,0
DA:58,0
DA:59,0
DA:60,0
DA:63,0
DA:68,0
DA:71,0
DA:82,0
DA:85,0
DA:94,0
DA:102,0
DA:103,0
DA:104,0
DA:106,0
DA:116,0
DA:117,0
DA:118,0
DA:120,0
DA:130,0
DA:131,0
DA:137,0
DA:138,0
DA:139,0
DA:143,0
DA:153,0
DA:154,0
DA:171,0
DA:174,0
DA:175,0
DA:182,0
DA:195,0
DA:209,0
DA:212,0
DA:213,0
DA:231,0
DA:250,0
DA:253,0
DA:254,0
DA:270,0
DA:284,0
DA:285,0
DA:286,0
DA:287,0
DA:289,0
DA:293,0
DA:294,0
DA:312,0
DA:331,0
DA:332,0
DA:334,0
DA:338,0
DA:339,0
DA:355,0
DA:369,0
DA:372,0
DA:373,0
DA:390,0
DA:409,0
DA:412,0
DA:413,0
DA:428,0
DA:445,0
DA:446,0
DA:448,0
DA:458,0
DA:474,0
DA:475,0
DA:477,0
DA:481,0
DA:482,0
DA:493,0
DA:494,0
DA:504,0
DA:505,0
DA:506,0
DA:515,0
DA:517,0
DA:520,0
LF:98
LH:0
BRDA:9,0,0,0
BRDA:26,1,0,0
BRDA:26,1,1,0
BRDA:27,2,0,0
BRDA:27,2,1,0
BRDA:34,3,0,0
BRDA:39,4,0,0
BRDA:39,5,0,0
BRDA:39,5,1,0
BRDA:54,6,0,0
BRDA:55,7,0,0
BRDA:56,8,0,0
BRDA:57,9,0,0
BRDA:58,10,0,0
BRDA:59,11,0,0
BRDA:60,12,0,0
BRDA:68,13,0,0
BRDA:68,13,1,0
BRDA:76,14,0,0
BRDA:76,14,1,0
BRDA:88,15,0,0
BRDA:88,15,1,0
BRDA:89,16,0,0
BRDA:89,16,1,0
BRDA:96,17,0,0
BRDA:96,17,1,0
BRDA:97,18,0,0
BRDA:97,18,1,0
BRDA:102,19,0,0
BRDA:103,20,0,0
BRDA:103,20,1,0
BRDA:116,21,0,0
BRDA:117,22,0,0
BRDA:117,22,1,0
BRDA:130,23,0,0
BRDA:166,24,0,0
BRDA:166,24,1,0
BRDA:167,25,0,0
BRDA:167,25,1,0
BRDA:174,26,0,0
BRDA:198,27,0,0
BRDA:198,27,1,0
BRDA:212,28,0,0
BRDA:253,29,0,0
BRDA:267,30,0,0
BRDA:273,31,0,0
BRDA:273,31,1,0
BRDA:284,32,0,0
BRDA:284,32,1,0
BRDA:284,33,0,0
BRDA:284,33,1,0
BRDA:286,34,0,0
BRDA:286,34,1,0
BRDA:293,35,0,0
BRDA:314,36,0,0
BRDA:314,36,1,0
BRDA:331,37,0,0
BRDA:331,37,1,0
BRDA:338,38,0,0
BRDA:338,39,0,0
BRDA:338,39,1,0
BRDA:365,40,0,0
BRDA:365,40,1,0
BRDA:372,41,0,0
BRDA:372,42,0,0
BRDA:372,42,1,0
BRDA:401,43,0,0
BRDA:401,43,1,0
BRDA:402,44,0,0
BRDA:402,44,1,0
BRDA:412,45,0,0
BRDA:412,46,0,0
BRDA:412,46,1,0
BRDA:426,47,0,0
BRDA:430,48,0,0
BRDA:430,48,1,0
BRDA:445,49,0,0
BRDA:445,49,1,0
BRDA:456,50,0,0
BRDA:474,51,0,0
BRDA:474,51,1,0
BRDA:474,52,0,0
BRDA:474,52,1,0
BRDA:481,53,0,0
BRF:84
BRH:0
end_of_record
TN:
SF:src/utils/retry.ts
FN:43,(anonymous_0)
FN:56,isRetryableError
FN:104,calculateBackoffDelay
FN:127,retry
FN:138,(anonymous_4)
FN:212,(anonymous_5)
FN:223,retryWithResult
FN:263,withRetry
FN:264,(anonymous_8)
FN:267,(anonymous_9)
FN:268,(anonymous_10)
FN:337,createRetryOptionsForErrorType
FNF:12
FNH:0
FNDA:0,(anonymous_0)
FNDA:0,isRetryableError
FNDA:0,calculateBackoffDelay
FNDA:0,retry
FNDA:0,(anonymous_4)
FNDA:0,(anonymous_5)
FNDA:0,retryWithResult
FNDA:0,withRetry
FNDA:0,(anonymous_8)
FNDA:0,(anonymous_9)
FNDA:0,(anonymous_10)
FNDA:0,createRetryOptionsForErrorType
DA:42,0
DA:45,0
DA:46,0
DA:48,0
DA:49,0
DA:56,0
DA:58,0
DA:62,0
DA:66,0
DA:67,0
DA:68,0
DA:74,0
DA:77,0
DA:81,0
DA:85,0
DA:89,0
DA:95,0
DA:98,0
DA:104,0
DA:112,0
DA:115,0
DA:118,0
DA:121,0
DA:127,0
DA:131,0
DA:142,0
DA:143,0
DA:146,0
DA:147,0
DA:149,0
DA:150,0
DA:151,0
DA:154,0
DA:155,0
DA:157,0
DA:163,0
DA:164,0
DA:167,0
DA:170,0
DA:171,0
DA:173,0
DA:181,0
DA:182,0
DA:183,0
DA:185,0
DA:193,0
DA:202,0
DA:205,0
DA:207,0
DA:208,0
DA:212,0
DA:217,0
DA:223,0
DA:227,0
DA:229,0
DA:230,0
DA:231,0
DA:233,0
DA:240,0
DA:242,0
DA:243,0
DA:251,0
DA:263,0
DA:264,0
DA:265,0
DA:267,0
DA:268,0
DA:271,0
DA:278,0
DA:337,0
DA:341,0
DA:348,0
LF:72
LH:0
BRDA:58,0,0,0
BRDA:58,1,0,0
BRDA:58,1,1,0
BRDA:58,1,2,0
BRDA:58,1,3,0
BRDA:66,2,0,0
BRDA:68,3,0,0
BRDA:68,3,1,0
BRDA:68,3,2,0
BRDA:68,3,3,0
BRDA:74,4,0,0
BRDA:74,5,0,0
BRDA:74,5,1,0
BRDA:74,5,2,0
BRDA:81,6,0,0
BRDA:81,7,0,0
BRDA:81,7,1,0
BRDA:81,7,2,0
BRDA:81,7,3,0
BRDA:89,8,0,0
BRDA:89,9,0,0
BRDA:89,9,1,0
BRDA:89,9,2,0
BRDA:89,9,3,0
BRDA:89,9,4,0
BRDA:89,9,5,0
BRDA:118,10,0,0
BRDA:118,10,1,0
BRDA:129,11,0,0
BRDA:132,12,0,0
BRDA:132,12,1,0
BRDA:133,13,0,0
BRDA:133,13,1,0
BRDA:134,14,0,0
BRDA:134,14,1,0
BRDA:135,15,0,0
BRDA:135,15,1,0
BRDA:136,16,0,0
BRDA:136,16,1,0
BRDA:137,17,0,0
BRDA:137,17,1,0
BRDA:138,18,0,0
BRDA:138,18,1,0
BRDA:139,19,0,0
BRDA:139,19,1,0
BRDA:150,20,0,0
BRDA:150,21,0,0
BRDA:150,21,1,0
BRDA:163,22,0,0
BRDA:163,23,0,0
BRDA:163,23,1,0
BRDA:181,24,0,0
BRDA:181,25,0,0
BRDA:181,25,1,0
BRDA:182,26,0,0
BRDA:183,27,0,0
BRDA:183,27,1,0
BRDA:207,28,0,0
BRDA:208,29,0,0
BRDA:208,29,1,0
BRDA:225,30,0,0
BRDA:242,31,0,0
BRDA:263,32,0,0
BRDA:339,33,0,0
BRF:64
BRH:0
end_of_record
