TN:
SF:src/config/index.ts
FN:92,validateConfig
FNF:1
FNH:0
FNDA:0,validateConfig
DA:1,0
DA:5,0
DA:7,0
DA:19,0
DA:31,0
DA:66,0
DA:77,0
DA:81,0
DA:86,0
DA:92,0
DA:93,0
DA:96,0
DA:97,0
DA:101,0
DA:102,0
DA:106,0
DA:107,0
DA:110,0
DA:111,0
DA:114,0
DA:115,0
DA:119,0
DA:120,0
DA:123,0
DA:124,0
DA:127,0
DA:128,0
DA:133,0
DA:134,0
DA:135,0
LF:30
LH:0
BRDA:8,0,0,0
BRDA:8,0,1,0
BRDA:9,1,0,0
BRDA:9,1,1,0
BRDA:10,2,0,0
BRDA:10,2,1,0
BRDA:11,3,0,0
BRDA:11,3,1,0
BRDA:12,4,0,0
BRDA:12,4,1,0
BRDA:14,5,0,0
BRDA:14,5,1,0
BRDA:15,6,0,0
BRDA:15,6,1,0
BRDA:16,7,0,0
BRDA:16,7,1,0
BRDA:21,8,0,0
BRDA:21,8,1,0
BRDA:22,9,0,0
BRDA:22,9,1,0
BRDA:26,10,0,0
BRDA:26,10,1,0
BRDA:27,11,0,0
BRDA:27,11,1,0
BRDA:33,12,0,0
BRDA:33,12,1,0
BRDA:34,13,0,0
BRDA:34,13,1,0
BRDA:38,14,0,0
BRDA:38,14,1,0
BRDA:40,15,0,0
BRDA:40,15,1,0
BRDA:43,16,0,0
BRDA:43,16,1,0
BRDA:45,17,0,0
BRDA:45,17,1,0
BRDA:48,18,0,0
BRDA:48,18,1,0
BRDA:49,19,0,0
BRDA:49,19,1,0
BRDA:51,20,0,0
BRDA:51,20,1,0
BRDA:56,21,0,0
BRDA:56,21,1,0
BRDA:57,22,0,0
BRDA:57,22,1,0
BRDA:61,23,0,0
BRDA:61,23,1,0
BRDA:62,24,0,0
BRDA:62,24,1,0
BRDA:70,25,0,0
BRDA:70,25,1,0
BRDA:78,26,0,0
BRDA:78,26,1,0
BRDA:82,27,0,0
BRDA:82,27,1,0
BRDA:83,28,0,0
BRDA:83,28,1,0
BRDA:87,29,0,0
BRDA:87,29,1,0
BRDA:96,30,0,0
BRDA:96,31,0,0
BRDA:96,31,1,0
BRDA:101,32,0,0
BRDA:106,33,0,0
BRDA:106,34,0,0
BRDA:106,34,1,0
BRDA:110,35,0,0
BRDA:110,36,0,0
BRDA:110,36,1,0
BRDA:114,37,0,0
BRDA:119,38,0,0
BRDA:123,39,0,0
BRDA:127,40,0,0
BRF:74
BRH:0
end_of_record
TN:
SF:src/models/database.ts
FN:63,(anonymous_1)
FN:70,(anonymous_2)
FN:158,(anonymous_3)
FN:186,(anonymous_4)
FN:202,(anonymous_5)
FN:231,(anonymous_6)
FN:232,(anonymous_7)
FN:235,(anonymous_8)
FN:236,(anonymous_9)
FN:245,(anonymous_10)
FN:249,(anonymous_11)
FN:254,(anonymous_12)
FN:280,(anonymous_13)
FN:296,(anonymous_14)
FN:315,(anonymous_15)
FN:324,(anonymous_16)
FN:338,(anonymous_17)
FN:347,(anonymous_18)
FNF:18
FNH:0
FNDA:0,(anonymous_1)
FNDA:0,(anonymous_2)
FNDA:0,(anonymous_3)
FNDA:0,(anonymous_4)
FNDA:0,(anonymous_5)
FNDA:0,(anonymous_6)
FNDA:0,(anonymous_7)
FNDA:0,(anonymous_8)
FNDA:0,(anonymous_9)
FNDA:0,(anonymous_10)
FNDA:0,(anonymous_11)
FNDA:0,(anonymous_12)
FNDA:0,(anonymous_13)
FNDA:0,(anonymous_14)
FNDA:0,(anonymous_15)
FNDA:0,(anonymous_16)
FNDA:0,(anonymous_17)
FNDA:0,(anonymous_18)
DA:1,0
DA:2,0
DA:3,0
DA:64,0
DA:65,0
DA:66,0
DA:67,0
DA:71,0
DA:73,0
DA:91,0
DA:109,0
DA:125,0
DA:141,0
DA:150,0
DA:152,0
DA:153,0
DA:159,0
DA:161,0
DA:168,0
DA:183,0
DA:187,0
DA:188,0
DA:190,0
DA:191,0
DA:192,0
DA:195,0
DA:196,0
DA:198,0
DA:203,0
DA:205,0
DA:213,0
DA:228,0
DA:232,0
DA:233,0
DA:235,0
DA:236,0
DA:238,0
DA:242,0
DA:246,0
DA:250,0
DA:255,0
DA:257,0
DA:264,0
DA:277,0
DA:281,0
DA:282,0
DA:284,0
DA:285,0
DA:286,0
DA:289,0
DA:290,0
DA:292,0
DA:297,0
DA:303,0
DA:316,0
DA:330,0
DA:339,0
DA:341,0
DA:342,0
DA:344,0
DA:348,0
DA:353,0
DA:354,0
LF:63
LH:0
BRDA:186,0,0,0
BRDA:190,1,0,0
BRDA:232,2,0,0
BRDA:232,2,1,0
BRDA:233,3,0,0
BRDA:271,4,0,0
BRDA:271,4,1,0
BRDA:280,5,0,0
BRDA:284,6,0,0
BRDA:338,7,0,0
BRF:10
BRH:0
end_of_record
TN:
SF:src/scripts/simple-test.ts
FN:7,runSimpleTest
FNF:1
FNH:0
FNDA:0,runSimpleTest
DA:1,0
DA:2,0
DA:3,0
DA:5,0
DA:8,0
DA:9,0
DA:10,0
DA:12,0
DA:13,0
DA:14,0
DA:16,0
DA:17,0
DA:18,0
DA:20,0
DA:23,0
DA:34,0
DA:37,0
DA:38,0
DA:41,0
DA:51,0
DA:53,0
DA:54,0
DA:55,0
DA:56,0
DA:57,0
DA:58,0
DA:59,0
DA:60,0
DA:63,0
DA:64,0
DA:68,0
LF:31
LH:0
BRF:0
BRH:0
end_of_record
TN:
SF:src/scripts/test-mvp.ts
FN:11,(anonymous_1)
FN:16,(anonymous_2)
FN:69,(anonymous_3)
FN:84,(anonymous_4)
FN:103,(anonymous_5)
FN:122,(anonymous_6)
FN:159,(anonymous_7)
FN:183,(anonymous_8)
FN:220,(anonymous_9)
FN:247,(anonymous_10)
FN:286,(anonymous_11)
FNF:11
FNH:0
FNDA:0,(anonymous_1)
FNDA:0,(anonymous_2)
FNDA:0,(anonymous_3)
FNDA:0,(anonymous_4)
FNDA:0,(anonymous_5)
FNDA:0,(anonymous_6)
FNDA:0,(anonymous_7)
FNDA:0,(anonymous_8)
FNDA:0,(anonymous_9)
FNDA:0,(anonymous_10)
FNDA:0,(anonymous_11)
DA:1,0
DA:2,0
DA:3,0
DA:4,0
DA:5,0
DA:12,0
DA:13,0
DA:17,0
DA:19,0
DA:21,0
DA:23,0
DA:26,0
DA:29,0
DA:32,0
DA:35,0
DA:38,0
DA:41,0
DA:44,0
DA:47,0
DA:48,0
DA:49,0
DA:51,0
DA:58,0
DA:59,0
DA:61,0
DA:65,0
DA:70,0
DA:71,0
DA:74,0
DA:76,0
DA:77,0
DA:79,0
DA:80,0
DA:85,0
DA:86,0
DA:89,0
DA:90,0
DA:92,0
DA:96,0
DA:98,0
DA:99,0
DA:104,0
DA:105,0
DA:107,0
DA:109,0
DA:110,0
DA:111,0
DA:113,0
DA:114,0
DA:117,0
DA:118,0
DA:123,0
DA:124,0
DA:127,0
DA:129,0
DA:130,0
DA:137,0
DA:148,0
DA:150,0
DA:151,0
DA:154,0
DA:155,0
DA:160,0
DA:161,0
DA:164,0
DA:166,0
DA:167,0
DA:172,0
DA:174,0
DA:175,0
DA:178,0
DA:179,0
DA:184,0
DA:185,0
DA:188,0
DA:189,0
DA:190,0
DA:192,0
DA:200,0
DA:201,0
DA:209,0
DA:211,0
DA:212,0
DA:215,0
DA:216,0
DA:221,0
DA:222,0
DA:225,0
DA:235,0
DA:240,0
DA:242,0
DA:243,0
DA:248,0
DA:249,0
DA:252,0
DA:264,0
DA:267,0
DA:269,0
DA:275,0
DA:277,0
DA:278,0
DA:284,0
DA:285,0
DA:286,0
DA:287,0
DA:288,0
DA:292,0
LF:107
LH:0
BRDA:58,0,0,0
BRDA:58,0,1,0
BRDA:109,1,0,0
BRDA:109,1,1,0
BRDA:129,2,0,0
BRDA:129,2,1,0
BRDA:129,3,0,0
BRDA:129,3,1,0
BRDA:129,3,2,0
BRDA:166,4,0,0
BRDA:166,4,1,0
BRDA:166,5,0,0
BRDA:166,5,1,0
BRDA:200,6,0,0
BRDA:200,6,1,0
BRDA:200,7,0,0
BRDA:200,7,1,0
BRDA:200,7,2,0
BRDA:237,8,0,0
BRDA:237,8,1,0
BRDA:284,9,0,0
BRF:21
BRH:0
end_of_record
TN:
SF:src/services/binance.service.ts
FN:19,(anonymous_1)
FN:27,(anonymous_2)
FN:56,(anonymous_3)
FN:84,(anonymous_4)
FN:87,(anonymous_5)
FN:105,(anonymous_6)
FN:146,(anonymous_7)
FN:194,(anonymous_8)
FN:247,(anonymous_9)
FN:265,(anonymous_10)
FN:285,(anonymous_11)
FN:305,(anonymous_12)
FN:328,(anonymous_13)
FN:329,(anonymous_14)
FN:337,(anonymous_15)
FN:342,(anonymous_16)
FN:351,(anonymous_17)
FN:357,(anonymous_18)
FN:368,(anonymous_19)
FN:377,(anonymous_20)
FN:382,(anonymous_21)
FN:389,(anonymous_22)
FN:390,(anonymous_23)
FN:396,(anonymous_24)
FN:419,(anonymous_25)
FN:422,(anonymous_26)
FN:440,(anonymous_27)
FN:447,(anonymous_28)
FNF:28
FNH:0
FNDA:0,(anonymous_1)
FNDA:0,(anonymous_2)
FNDA:0,(anonymous_3)
FNDA:0,(anonymous_4)
FNDA:0,(anonymous_5)
FNDA:0,(anonymous_6)
FNDA:0,(anonymous_7)
FNDA:0,(anonymous_8)
FNDA:0,(anonymous_9)
FNDA:0,(anonymous_10)
FNDA:0,(anonymous_11)
FNDA:0,(anonymous_12)
FNDA:0,(anonymous_13)
FNDA:0,(anonymous_14)
FNDA:0,(anonymous_15)
FNDA:0,(anonymous_16)
FNDA:0,(anonymous_17)
FNDA:0,(anonymous_18)
FNDA:0,(anonymous_19)
FNDA:0,(anonymous_20)
FNDA:0,(anonymous_21)
FNDA:0,(anonymous_22)
FNDA:0,(anonymous_23)
FNDA:0,(anonymous_24)
FNDA:0,(anonymous_25)
FNDA:0,(anonymous_26)
FNDA:0,(anonymous_27)
FNDA:0,(anonymous_28)
DA:1,0
DA:2,0
DA:3,0
DA:4,0
DA:5,0
DA:12,0
DA:14,0
DA:15,0
DA:16,0
DA:17,0
DA:20,0
DA:28,0
DA:29,0
DA:30,0
DA:31,0
DA:33,0
DA:36,0
DA:37,0
DA:38,0
DA:41,0
DA:47,0
DA:49,0
DA:50,0
DA:51,0
DA:57,0
DA:58,0
DA:59,0
DA:60,0
DA:62,0
DA:64,0
DA:74,0
DA:75,0
DA:85,0
DA:86,0
DA:87,0
DA:89,0
DA:90,0
DA:93,0
DA:95,0
DA:106,0
DA:107,0
DA:108,0
DA:109,0
DA:111,0
DA:113,0
DA:114,0
DA:117,0
DA:120,0
DA:121,0
DA:123,0
DA:132,0
DA:134,0
DA:136,0
DA:137,0
DA:147,0
DA:148,0
DA:149,0
DA:150,0
DA:152,0
DA:155,0
DA:157,0
DA:158,0
DA:161,0
DA:183,0
DA:184,0
DA:195,0
DA:196,0
DA:199,0
DA:201,0
DA:208,0
DA:209,0
DA:210,0
DA:211,0
DA:214,0
DA:215,0
DA:218,0
DA:219,0
DA:222,0
DA:223,0
DA:225,0
DA:228,0
DA:236,0
DA:247,0
DA:255,0
DA:256,0
DA:266,0
DA:267,0
DA:268,0
DA:269,0
DA:271,0
DA:273,0
DA:275,0
DA:276,0
DA:286,0
DA:287,0
DA:288,0
DA:289,0
DA:291,0
DA:293,0
DA:295,0
DA:296,0
DA:306,0
DA:307,0
DA:308,0
DA:311,0
DA:313,0
DA:315,0
DA:317,0
DA:318,0
DA:329,0
DA:330,0
DA:331,0
DA:334,0
DA:335,0
DA:337,0
DA:338,0
DA:339,0
DA:342,0
DA:343,0
DA:344,0
DA:345,0
DA:347,0
DA:351,0
DA:352,0
DA:353,0
DA:354,0
DA:357,0
DA:358,0
DA:361,0
DA:363,0
DA:369,0
DA:370,0
DA:371,0
DA:374,0
DA:375,0
DA:377,0
DA:378,0
DA:383,0
DA:384,0
DA:385,0
DA:390,0
DA:391,0
DA:397,0
DA:398,0
DA:401,0
DA:402,0
DA:405,0
DA:406,0
DA:409,0
DA:410,0
DA:413,0
DA:414,0
DA:420,0
DA:421,0
DA:422,0
DA:424,0
DA:425,0
DA:428,0
DA:430,0
DA:443,0
DA:450,0
DA:454,0
LF:162
LH:0
BRDA:37,0,0,0
BRDA:49,1,0,0
BRDA:49,1,1,0
BRDA:50,2,0,0
BRDA:50,2,1,0
BRDA:74,3,0,0
BRDA:74,3,1,0
BRDA:76,4,0,0
BRDA:76,4,1,0
BRDA:84,5,0,0
BRDA:89,6,0,0
BRDA:96,7,0,0
BRDA:96,7,1,0
BRDA:113,8,0,0
BRDA:121,9,0,0
BRDA:121,9,1,0
BRDA:126,10,0,0
BRDA:126,10,1,0
BRDA:127,11,0,0
BRDA:127,11,1,0
BRDA:128,12,0,0
BRDA:128,12,1,0
BRDA:129,13,0,0
BRDA:129,13,1,0
BRDA:132,14,0,0
BRDA:132,14,1,0
BRDA:132,15,0,0
BRDA:132,15,1,0
BRDA:136,16,0,0
BRDA:136,16,1,0
BRDA:138,17,0,0
BRDA:138,17,1,0
BRDA:155,18,0,0
BRDA:155,18,1,0
BRDA:157,19,0,0
BRDA:163,20,0,0
BRDA:163,20,1,0
BRDA:164,21,0,0
BRDA:164,21,1,0
BRDA:165,22,0,0
BRDA:165,22,1,0
BRDA:166,23,0,0
BRDA:166,23,1,0
BRDA:167,24,0,0
BRDA:167,24,1,0
BRDA:168,25,0,0
BRDA:168,25,1,0
BRDA:169,26,0,0
BRDA:169,26,1,0
BRDA:170,27,0,0
BRDA:170,27,1,0
BRDA:171,28,0,0
BRDA:171,28,1,0
BRDA:172,29,0,0
BRDA:172,29,1,0
BRDA:173,30,0,0
BRDA:173,30,1,0
BRDA:174,31,0,0
BRDA:174,31,1,0
BRDA:175,32,0,0
BRDA:175,32,1,0
BRDA:176,33,0,0
BRDA:176,33,1,0
BRDA:177,34,0,0
BRDA:177,34,1,0
BRDA:180,35,0,0
BRDA:180,35,1,0
BRDA:183,36,0,0
BRDA:183,36,1,0
BRDA:185,37,0,0
BRDA:185,37,1,0
BRDA:208,38,0,0
BRDA:208,38,1,0
BRDA:210,39,0,0
BRDA:214,40,0,0
BRDA:214,41,0,0
BRDA:214,41,1,0
BRDA:218,42,0,0
BRDA:232,43,0,0
BRDA:232,43,1,0
BRDA:243,44,0,0
BRDA:243,44,1,0
BRDA:245,45,0,0
BRDA:245,45,1,0
BRDA:246,46,0,0
BRDA:246,46,1,0
BRDA:255,47,0,0
BRDA:255,47,1,0
BRDA:257,48,0,0
BRDA:257,48,1,0
BRDA:275,49,0,0
BRDA:275,49,1,0
BRDA:277,50,0,0
BRDA:277,50,1,0
BRDA:295,51,0,0
BRDA:295,51,1,0
BRDA:297,52,0,0
BRDA:297,52,1,0
BRDA:308,53,0,0
BRDA:308,53,1,0
BRDA:317,54,0,0
BRDA:317,54,1,0
BRDA:319,55,0,0
BRDA:319,55,1,0
BRDA:330,56,0,0
BRDA:347,57,0,0
BRDA:347,57,1,0
BRDA:363,58,0,0
BRDA:363,58,1,0
BRDA:369,59,0,0
BRDA:383,60,0,0
BRDA:397,61,0,0
BRDA:401,62,0,0
BRDA:405,63,0,0
BRDA:409,64,0,0
BRDA:409,65,0,0
BRDA:409,65,1,0
BRDA:413,66,0,0
BRDA:413,67,0,0
BRDA:413,67,1,0
BRDA:424,68,0,0
BRDA:431,69,0,0
BRDA:431,69,1,0
BRF:123
BRH:0
end_of_record
TN:
SF:src/services/risk.service.ts
FN:26,(anonymous_0)
FN:32,(anonymous_1)
FN:48,(anonymous_2)
FN:56,(anonymous_3)
FN:69,(anonymous_4)
FN:76,(anonymous_5)
FN:103,(anonymous_6)
FN:110,(anonymous_7)
FN:128,(anonymous_8)
FN:193,(anonymous_9)
FN:240,(anonymous_10)
FN:249,(anonymous_11)
FN:263,(anonymous_12)
FN:317,(anonymous_13)
FN:328,(anonymous_14)
FN:335,(anonymous_15)
FN:356,(anonymous_16)
FN:361,(anonymous_17)
FN:366,(anonymous_18)
FN:371,(anonymous_19)
FN:387,(anonymous_20)
FN:434,(anonymous_21)
FN:456,(anonymous_22)
FN:457,(anonymous_23)
FNF:24
FNH:0
FNDA:0,(anonymous_0)
FNDA:0,(anonymous_1)
FNDA:0,(anonymous_2)
FNDA:0,(anonymous_3)
FNDA:0,(anonymous_4)
FNDA:0,(anonymous_5)
FNDA:0,(anonymous_6)
FNDA:0,(anonymous_7)
FNDA:0,(anonymous_8)
FNDA:0,(anonymous_9)
FNDA:0,(anonymous_10)
FNDA:0,(anonymous_11)
FNDA:0,(anonymous_12)
FNDA:0,(anonymous_13)
FNDA:0,(anonymous_14)
FNDA:0,(anonymous_15)
FNDA:0,(anonymous_16)
FNDA:0,(anonymous_17)
FNDA:0,(anonymous_18)
FNDA:0,(anonymous_19)
FNDA:0,(anonymous_20)
FNDA:0,(anonymous_21)
FNDA:0,(anonymous_22)
FNDA:0,(anonymous_23)
DA:1,0
DA:2,0
DA:3,0
DA:4,0
DA:21,0
DA:22,0
DA:23,0
DA:24,0
DA:27,0
DA:28,0
DA:33,0
DA:34,0
DA:35,0
DA:42,0
DA:43,0
DA:49,0
DA:50,0
DA:51,0
DA:52,0
DA:55,0
DA:56,0
DA:57,0
DA:58,0
DA:62,0
DA:63,0
DA:64,0
DA:65,0
DA:68,0
DA:69,0
DA:70,0
DA:71,0
DA:73,0
DA:76,0
DA:77,0
DA:78,0
DA:79,0
DA:81,0
DA:82,0
DA:83,0
DA:84,0
DA:88,0
DA:96,0
DA:98,0
DA:104,0
DA:106,0
DA:107,0
DA:108,0
DA:110,0
DA:111,0
DA:112,0
DA:113,0
DA:114,0
DA:115,0
DA:116,0
DA:117,0
DA:118,0
DA:119,0
DA:124,0
DA:135,0
DA:137,0
DA:140,0
DA:144,0
DA:145,0
DA:148,0
DA:152,0
DA:153,0
DA:156,0
DA:160,0
DA:161,0
DA:165,0
DA:172,0
DA:183,0
DA:185,0
DA:194,0
DA:195,0
DA:197,0
DA:198,0
DA:202,0
DA:205,0
DA:206,0
DA:208,0
DA:210,0
DA:211,0
DA:220,0
DA:221,0
DA:222,0
DA:230,0
DA:232,0
DA:241,0
DA:242,0
DA:243,0
DA:245,0
DA:246,0
DA:249,0
DA:253,0
DA:255,0
DA:270,0
DA:272,0
DA:273,0
DA:274,0
DA:277,0
DA:280,0
DA:281,0
DA:283,0
DA:289,0
DA:290,0
DA:306,0
DA:308,0
DA:318,0
DA:321,0
DA:323,0
DA:324,0
DA:329,0
DA:330,0
DA:331,0
DA:332,0
DA:335,0
DA:338,0
DA:340,0
DA:351,0
DA:357,0
DA:358,0
DA:362,0
DA:363,0
DA:367,0
DA:372,0
DA:374,0
DA:375,0
DA:379,0
DA:392,0
DA:394,0
DA:397,0
DA:398,0
DA:401,0
DA:405,0
DA:415,0
DA:418,0
DA:422,0
DA:429,0
DA:435,0
DA:436,0
DA:437,0
DA:440,0
DA:442,0
DA:443,0
DA:447,0
DA:448,0
DA:449,0
DA:450,0
DA:451,0
DA:452,0
DA:456,0
DA:457,0
DA:458,0
DA:461,0
DA:463,0
DA:464,0
DA:469,0
LF:158
LH:0
BRDA:34,0,0,0
BRDA:58,1,0,0
BRDA:58,1,1,0
BRDA:58,1,2,0
BRDA:70,2,0,0
BRDA:81,3,0,0
BRDA:81,3,1,0
BRDA:83,4,0,0
BRDA:98,5,0,0
BRDA:98,5,1,0
BRDA:104,6,0,0
BRDA:111,7,0,0
BRDA:111,7,1,0
BRDA:115,8,0,0
BRDA:116,9,0,0
BRDA:137,10,0,0
BRDA:137,10,1,0
BRDA:144,11,0,0
BRDA:144,11,1,0
BRDA:156,12,0,0
BRDA:156,12,1,0
BRDA:161,13,0,0
BRDA:161,13,1,0
BRDA:186,14,0,0
BRDA:186,14,1,0
BRDA:197,15,0,0
BRDA:202,16,0,0
BRDA:202,16,1,0
BRDA:210,17,0,0
BRDA:220,18,0,0
BRDA:233,19,0,0
BRDA:233,19,1,0
BRDA:245,20,0,0
BRDA:256,21,0,0
BRDA:256,21,1,0
BRDA:281,22,0,0
BRDA:281,22,1,0
BRDA:283,23,0,0
BRDA:283,23,1,0
BRDA:283,23,2,0
BRDA:283,23,3,0
BRDA:283,23,4,0
BRDA:289,24,0,0
BRDA:309,25,0,0
BRDA:309,25,1,0
BRDA:323,26,0,0
BRDA:323,26,1,0
BRDA:338,27,0,0
BRDA:338,27,1,0
BRDA:351,28,0,0
BRDA:351,28,1,0
BRDA:374,29,0,0
BRDA:401,30,0,0
BRDA:401,30,1,0
BRDA:418,31,0,0
BRDA:418,31,1,0
BRDA:422,32,0,0
BRDA:422,32,1,0
BRDA:434,33,0,0
BRDA:442,34,0,0
BRDA:463,35,0,0
BRDA:463,35,1,0
BRF:62
BRH:0
end_of_record
TN:
SF:src/types/index.ts
FN:180,(anonymous_0)
FN:191,(anonymous_1)
FN:202,(anonymous_2)
FNF:3
FNH:0
FNDA:0,(anonymous_0)
FNDA:0,(anonymous_1)
FNDA:0,(anonymous_2)
DA:179,0
DA:182,0
DA:183,0
DA:185,0
DA:186,0
DA:190,0
DA:193,0
DA:194,0
DA:196,0
DA:197,0
DA:201,0
DA:204,0
DA:205,0
DA:206,0
DA:208,0
DA:209,0
LF:16
LH:0
BRF:0
BRH:0
end_of_record
TN:
SF:src/utils/logger.ts
FN:9,(anonymous_1)
FN:23,(anonymous_2)
FN:70,(anonymous_3)
FN:82,(anonymous_4)
FN:94,(anonymous_5)
FN:105,(anonymous_6)
FN:114,(anonymous_7)
FN:126,(anonymous_8)
FN:136,(anonymous_9)
FN:148,(anonymous_10)
FN:159,(anonymous_11)
FN:170,(anonymous_12)
FNF:12
FNH:0
FNDA:0,(anonymous_1)
FNDA:0,(anonymous_2)
FNDA:0,(anonymous_3)
FNDA:0,(anonymous_4)
FNDA:0,(anonymous_5)
FNDA:0,(anonymous_6)
FNDA:0,(anonymous_7)
FNDA:0,(anonymous_8)
FNDA:0,(anonymous_9)
FNDA:0,(anonymous_10)
FNDA:0,(anonymous_11)
FNDA:0,(anonymous_12)
DA:1,0
DA:2,0
DA:5,0
DA:10,0
DA:20,0
DA:24,0
DA:26,0
DA:27,0
DA:28,0
DA:29,0
DA:30,0
DA:33,0
DA:38,0
DA:61,0
DA:62,0
DA:68,0
DA:71,0
DA:83,0
DA:95,0
DA:106,0
DA:115,0
DA:127,0
DA:137,0
DA:148,0
DA:149,0
DA:159,0
DA:160,0
DA:161,0
DA:170,0
DA:172,0
DA:175,0
LF:31
LH:0
BRDA:26,0,0,0
BRDA:27,1,0,0
BRDA:28,2,0,0
BRDA:29,3,0,0
BRDA:30,4,0,0
BRDA:61,5,0,0
BRF:6
BRH:0
end_of_record
